#
# A fatal error has been detected by the Java Runtime Environment:
#
#  EXCEPTION_ACCESS_VIOLATION (0xc0000005) at pc=0x0000000000000000, pid=5832, tid=23892
#
# JRE version: OpenJDK Runtime Environment (11.0.2+9) (build 11.0.2+9)
# Java VM: OpenJDK 64-Bit Server VM (11.0.2+9, mixed mode, tiered, compressed oops, g1 gc, windows-amd64)
# Problematic frame:
# C  0x0000000000000000
#
# No core dump will be written. Minidumps are not enabled by default on client versions of Windows
#
# If you would like to submit a bug report, please visit:
#   http://bugreport.java.com/bugreport/crash.jsp
# The crash happened outside the Java Virtual Machine in native code.
# See problematic frame for where to report the bug.
#

---------------  S U M M A R Y ------------

Command Line: -Djavafx.embed.singleThread=true 

Host: AMD Ryzen 5 4500U with Radeon Graphics         , 6 cores, 15G,  Windows 10 , 64 bit Build 18362 (10.0.18362.1110)
Time: Sat Dec 12 19:09:27 2020 Eastern Standard Time elapsed time: 30 seconds (0d 0h 0m 30s)

---------------  T H R E A D  ---------------

Current thread (0x00000000291cc800):  JavaThread "QuantumRenderer-0" daemon [_thread_in_native, id=23892, stack(0x0000000029a70000,0x0000000029c70000)]

Stack: [0x0000000029a70000,0x0000000029c70000],  sp=0x0000000029c6b108,  free space=2028k
Native frames: (J=compiled Java code, j=interpreted, Vv=VM code, C=native code)

Java frames: (J=compiled Java code, j=interpreted, Vv=VM code)
j  com.sun.javafx.font.directwrite.OS.EndDraw(J)I+0
j  com.sun.javafx.font.directwrite.ID2D1RenderTarget.EndDraw()I+4
j  com.sun.javafx.font.directwrite.DWGlyph.getD2DMask(FFZ)[B+313
j  com.sun.javafx.font.directwrite.DWGlyph.getPixelData(I)[B+94
J 5150 c1 com.sun.prism.impl.GlyphCache.getCachedGlyph(II)Lcom/sun/prism/impl/GlyphCache$GlyphData; (461 bytes) @ 0x000000000bda395c [0x000000000bda2f60+0x00000000000009fc]
J 7834 c1 com.sun.prism.impl.GlyphCache.render(Lcom/sun/prism/impl/BaseContext;Lcom/sun/javafx/scene/text/GlyphList;FFIILcom/sun/prism/paint/Color;Lcom/sun/prism/paint/Color;Lcom/sun/javafx/geom/transform/BaseTransform;Lcom/sun/javafx/geom/BaseBounds;)V (326 bytes) @ 0x000000000cc00fe4 [0x000000000cc00c00+0x00000000000003e4]
J 12483 c1 com.sun.prism.impl.ps.BaseShaderGraphics.drawString(Lcom/sun/javafx/scene/text/GlyphList;Lcom/sun/javafx/font/FontStrike;FFLcom/sun/prism/paint/Color;II)V (818 bytes) @ 0x000000000d41570c [0x000000000d4123e0+0x000000000000332c]
J 12490 c1 com.sun.javafx.sg.prism.NGText.renderText(Lcom/sun/prism/Graphics;Lcom/sun/javafx/font/FontStrike;Lcom/sun/javafx/geom/BaseBounds;Lcom/sun/prism/paint/Color;I)V (523 bytes) @ 0x000000000d41874c [0x000000000d417ca0+0x0000000000000aac]
J 8855 c1 com.sun.javafx.sg.prism.NGText.renderContent2D(Lcom/sun/prism/Graphics;Z)V (355 bytes) @ 0x000000000bf5903c [0x000000000bf57fc0+0x000000000000107c]
J 7827 c1 com.sun.javafx.sg.prism.NGShape.renderContent(Lcom/sun/prism/Graphics;)V (458 bytes) @ 0x000000000cbfcec4 [0x000000000cbfc580+0x0000000000000944]
J 5099 c1 com.sun.javafx.sg.prism.NGNode.doRender(Lcom/sun/prism/Graphics;)V (473 bytes) @ 0x000000000c5c62cc [0x000000000c5c4880+0x0000000000001a4c]
J 5096 c1 com.sun.javafx.sg.prism.NGNode.render(Lcom/sun/prism/Graphics;)V (38 bytes) @ 0x000000000c5c3714 [0x000000000c5c3480+0x0000000000000294]
J 5184 c1 com.sun.javafx.sg.prism.NGGroup.renderContent(Lcom/sun/prism/Graphics;)V (422 bytes) @ 0x000000000c5d4fc4 [0x000000000c5d3a60+0x0000000000001564]
J 5182 c1 com.sun.javafx.sg.prism.NGRegion.renderContent(Lcom/sun/prism/Graphics;)V (115 bytes) @ 0x000000000bc7264c [0x000000000bc71240+0x000000000000140c]
J 5099 c1 com.sun.javafx.sg.prism.NGNode.doRender(Lcom/sun/prism/Graphics;)V (473 bytes) @ 0x000000000c5c62cc [0x000000000c5c4880+0x0000000000001a4c]
J 5096 c1 com.sun.javafx.sg.prism.NGNode.render(Lcom/sun/prism/Graphics;)V (38 bytes) @ 0x000000000c5c3714 [0x000000000c5c3480+0x0000000000000294]
J 5184 c1 com.sun.javafx.sg.prism.NGGroup.renderContent(Lcom/sun/prism/Graphics;)V (422 bytes) @ 0x000000000c5d4fc4 [0x000000000c5d3a60+0x0000000000001564]
J 5182 c1 com.sun.javafx.sg.prism.NGRegion.renderContent(Lcom/sun/prism/Graphics;)V (115 bytes) @ 0x000000000bc7264c [0x000000000bc71240+0x000000000000140c]
J 5099 c1 com.sun.javafx.sg.prism.NGNode.doRender(Lcom/sun/prism/Graphics;)V (473 bytes) @ 0x000000000c5c62cc [0x000000000c5c4880+0x0000000000001a4c]
J 5096 c1 com.sun.javafx.sg.prism.NGNode.render(Lcom/sun/prism/Graphics;)V (38 bytes) @ 0x000000000c5c3714 [0x000000000c5c3480+0x0000000000000294]
J 5184 c1 com.sun.javafx.sg.prism.NGGroup.renderContent(Lcom/sun/prism/Graphics;)V (422 bytes) @ 0x000000000c5d4fc4 [0x000000000c5d3a60+0x0000000000001564]
J 5182 c1 com.sun.javafx.sg.prism.NGRegion.renderContent(Lcom/sun/prism/Graphics;)V (115 bytes) @ 0x000000000bc7264c [0x000000000bc71240+0x000000000000140c]
J 5099 c1 com.sun.javafx.sg.prism.NGNode.doRender(Lcom/sun/prism/Graphics;)V (473 bytes) @ 0x000000000c5c62cc [0x000000000c5c4880+0x0000000000001a4c]
J 5096 c1 com.sun.javafx.sg.prism.NGNode.render(Lcom/sun/prism/Graphics;)V (38 bytes) @ 0x000000000c5c3714 [0x000000000c5c3480+0x0000000000000294]
J 5184 c1 com.sun.javafx.sg.prism.NGGroup.renderContent(Lcom/sun/prism/Graphics;)V (422 bytes) @ 0x000000000c5d4fc4 [0x000000000c5d3a60+0x0000000000001564]
J 5182 c1 com.sun.javafx.sg.prism.NGRegion.renderContent(Lcom/sun/prism/Graphics;)V (115 bytes) @ 0x000000000bc7264c [0x000000000bc71240+0x000000000000140c]
J 5099 c1 com.sun.javafx.sg.prism.NGNode.doRender(Lcom/sun/prism/Graphics;)V (473 bytes) @ 0x000000000c5c62cc [0x000000000c5c4880+0x0000000000001a4c]
J 5096 c1 com.sun.javafx.sg.prism.NGNode.render(Lcom/sun/prism/Graphics;)V (38 bytes) @ 0x000000000c5c3714 [0x000000000c5c3480+0x0000000000000294]
J 5184 c1 com.sun.javafx.sg.prism.NGGroup.renderContent(Lcom/sun/prism/Graphics;)V (422 bytes) @ 0x000000000c5d4fc4 [0x000000000c5d3a60+0x0000000000001564]
J 5182 c1 com.sun.javafx.sg.prism.NGRegion.renderContent(Lcom/sun/prism/Graphics;)V (115 bytes) @ 0x000000000bc7264c [0x000000000bc71240+0x000000000000140c]
j  com.sun.javafx.sg.prism.NGNode.renderForClip(Lcom/sun/prism/Graphics;)V+17
j  com.sun.javafx.sg.prism.NGNode.renderRectClip(Lcom/sun/prism/Graphics;Lcom/sun/javafx/sg/prism/NGRectangle;)V+106
j  com.sun.javafx.sg.prism.NGNode.renderClip(Lcom/sun/prism/Graphics;)V+83
J 5099 c1 com.sun.javafx.sg.prism.NGNode.doRender(Lcom/sun/prism/Graphics;)V (473 bytes) @ 0x000000000c5c5fac [0x000000000c5c4880+0x000000000000172c]
J 5096 c1 com.sun.javafx.sg.prism.NGNode.render(Lcom/sun/prism/Graphics;)V (38 bytes) @ 0x000000000c5c3714 [0x000000000c5c3480+0x0000000000000294]
J 5184 c1 com.sun.javafx.sg.prism.NGGroup.renderContent(Lcom/sun/prism/Graphics;)V (422 bytes) @ 0x000000000c5d4fc4 [0x000000000c5d3a60+0x0000000000001564]
J 5182 c1 com.sun.javafx.sg.prism.NGRegion.renderContent(Lcom/sun/prism/Graphics;)V (115 bytes) @ 0x000000000bc7264c [0x000000000bc71240+0x000000000000140c]
j  com.sun.javafx.sg.prism.NGNode.renderForClip(Lcom/sun/prism/Graphics;)V+17
j  com.sun.javafx.sg.prism.NGNode.renderRectClip(Lcom/sun/prism/Graphics;Lcom/sun/javafx/sg/prism/NGRectangle;)V+106
j  com.sun.javafx.sg.prism.NGNode.renderClip(Lcom/sun/prism/Graphics;)V+83
J 5099 c1 com.sun.javafx.sg.prism.NGNode.doRender(Lcom/sun/prism/Graphics;)V (473 bytes) @ 0x000000000c5c5fac [0x000000000c5c4880+0x000000000000172c]
J 5096 c1 com.sun.javafx.sg.prism.NGNode.render(Lcom/sun/prism/Graphics;)V (38 bytes) @ 0x000000000c5c3714 [0x000000000c5c3480+0x0000000000000294]
J 5184 c1 com.sun.javafx.sg.prism.NGGroup.renderContent(Lcom/sun/prism/Graphics;)V (422 bytes) @ 0x000000000c5d4fc4 [0x000000000c5d3a60+0x0000000000001564]
J 5182 c1 com.sun.javafx.sg.prism.NGRegion.renderContent(Lcom/sun/prism/Graphics;)V (115 bytes) @ 0x000000000bc7264c [0x000000000bc71240+0x000000000000140c]
J 5099 c1 com.sun.javafx.sg.prism.NGNode.doRender(Lcom/sun/prism/Graphics;)V (473 bytes) @ 0x000000000c5c62cc [0x000000000c5c4880+0x0000000000001a4c]
J 5096 c1 com.sun.javafx.sg.prism.NGNode.render(Lcom/sun/prism/Graphics;)V (38 bytes) @ 0x000000000c5c3714 [0x000000000c5c3480+0x0000000000000294]
J 5184 c1 com.sun.javafx.sg.prism.NGGroup.renderContent(Lcom/sun/prism/Graphics;)V (422 bytes) @ 0x000000000c5d4fc4 [0x000000000c5d3a60+0x0000000000001564]
J 5182 c1 com.sun.javafx.sg.prism.NGRegion.renderContent(Lcom/sun/prism/Graphics;)V (115 bytes) @ 0x000000000bc7264c [0x000000000bc71240+0x000000000000140c]
J 5099 c1 com.sun.javafx.sg.prism.NGNode.doRender(Lcom/sun/prism/Graphics;)V (473 bytes) @ 0x000000000c5c62cc [0x000000000c5c4880+0x0000000000001a4c]
J 5096 c1 com.sun.javafx.sg.prism.NGNode.render(Lcom/sun/prism/Graphics;)V (38 bytes) @ 0x000000000c5c3714 [0x000000000c5c3480+0x0000000000000294]
J 5184 c1 com.sun.javafx.sg.prism.NGGroup.renderContent(Lcom/sun/prism/Graphics;)V (422 bytes) @ 0x000000000c5d4fc4 [0x000000000c5d3a60+0x0000000000001564]
J 5182 c1 com.sun.javafx.sg.prism.NGRegion.renderContent(Lcom/sun/prism/Graphics;)V (115 bytes) @ 0x000000000bc7264c [0x000000000bc71240+0x000000000000140c]
J 5099 c1 com.sun.javafx.sg.prism.NGNode.doRender(Lcom/sun/prism/Graphics;)V (473 bytes) @ 0x000000000c5c62cc [0x000000000c5c4880+0x0000000000001a4c]
J 5096 c1 com.sun.javafx.sg.prism.NGNode.render(Lcom/sun/prism/Graphics;)V (38 bytes) @ 0x000000000c5c3714 [0x000000000c5c3480+0x0000000000000294]
j  com.sun.javafx.tk.quantum.ViewPainter.doPaint(Lcom/sun/prism/Graphics;Lcom/sun/javafx/sg/prism/NodePath;)V+201
j  com.sun.javafx.tk.quantum.ViewPainter.paintImpl(Lcom/sun/prism/Graphics;)V+932
j  com.sun.javafx.tk.quantum.PresentingPainter.run()V+326
j  java.util.concurrent.Executors$RunnableAdapter.call()Ljava/lang/Object;+4 java.base@11.0.2
j  java.util.concurrent.FutureTask.runAndReset()Z+44 java.base@11.0.2
j  com.sun.javafx.tk.RenderJob.run()V+1
j  java.util.concurrent.ThreadPoolExecutor.runWorker(Ljava/util/concurrent/ThreadPoolExecutor$Worker;)V+92 java.base@11.0.2
j  java.util.concurrent.ThreadPoolExecutor$Worker.run()V+5 java.base@11.0.2
j  com.sun.javafx.tk.quantum.QuantumRenderer$PipelineRunnable.run()V+8
j  java.lang.Thread.run()V+11 java.base@11.0.2
v  ~StubRoutines::call_stub

siginfo: EXCEPTION_ACCESS_VIOLATION (0xc0000005), data execution prevention violation at address 0x0000000000000000


Register to memory mapping:

RIP=0x0 is NULL
RAX=0x0 is NULL
RBX=0x0000000002698c70 points into unknown readable memory: d8 94 4b 84 f9 7f 00 00
RCX=0x000000000269a4e0 points into unknown readable memory: 90 df 68 02 00 00 00 00
RDX=0x00000000026b0890 points into unknown readable memory: 00 00 00 00 00 00 00 00
RSP=0x0000000029c6b108 is pointing into the stack for thread: 0x00000000291cc800
RBP=0x0000000029c6b1d0 is pointing into the stack for thread: 0x00000000291cc800
RSI=0x0 is NULL
RDI=0x0000000002698c70 points into unknown readable memory: d8 94 4b 84 f9 7f 00 00
R8 =0x00000000ffffffff is an unknown value
R9 =0xffffffff00000000 is an unknown value
R10=0x000000000000ffff is an unknown value
R11=0x0000000029c6afd0 is pointing into the stack for thread: 0x00000000291cc800
R12=0x0 is NULL
R13=0x0000000000000003 is an unknown value
R14=0x0 is NULL
R15=0x0 is NULL


Registers:
RAX=0x0000000000000000, RBX=0x0000000002698c70, RCX=0x000000000269a4e0, RDX=0x00000000026b0890
RSP=0x0000000029c6b108, RBP=0x0000000029c6b1d0, RSI=0x0000000000000000, RDI=0x0000000002698c70
R8 =0x00000000ffffffff, R9 =0xffffffff00000000, R10=0x000000000000ffff, R11=0x0000000029c6afd0
R12=0x0000000000000000, R13=0x0000000000000003, R14=0x0000000000000000, R15=0x0000000000000000
RIP=0x0000000000000000, EFLAGS=0x0000000000010202

Top of Stack: (sp=0x0000000029c6b108)
0x0000000029c6b108:   00007ff98432c3fa 00000000026eb9c0
0x0000000029c6b118:   00007ff99f26f98f 00000000026d0440
0x0000000029c6b128:   00000000026d0440 00000000001be830
0x0000000029c6b138:   00007ff98432c36c 0000000000000000
0x0000000029c6b148:   0000000000000000 00000000001be830
0x0000000029c6b158:   0000000000000000 0000000002686930
0x0000000029c6b168:   00007ff99f2d2159 0000000000000000
0x0000000029c6b178:   00000000026ad1a0 0000000029c6b1d0
0x0000000029c6b188:   0000000029c6b380 0000000029c6b1c0
0x0000000029c6b198:   0000000029c6b210 0000000029c6b200
0x0000000029c6b1a8:   00007ff9a5c206e1 0000000000000000
0x0000000029c6b1b8:   0000000000000000 0000000000000000
0x0000000029c6b1c8:   0000000000000000 0000000029c6b2b0
0x0000000029c6b1d8:   0000000000000000 0000000029c6b2b8
0x0000000029c6b1e8:   00000000026ad198 0000000000000000
0x0000000029c6b1f8:   00007ff99f26f4c6 0000000029c6b301 

Instructions: (pc=0x0000000000000000)
0xffffffffffffffe0:   


Stack slot to memory mapping:
stack at sp + 0 slots: 0x00007ff98432c3fa dwrite.dll
stack at sp + 1 slots: 0x00000000026eb9c0 points into unknown readable memory: 88 54 50 9f f9 7f 00 00
stack at sp + 2 slots: 0x00007ff99f26f98f d2d1.dll
stack at sp + 3 slots: 0x00000000026d0440 points into unknown readable memory: b8 97 4f 9f f9 7f 00 00
stack at sp + 4 slots: 0x00000000026d0440 points into unknown readable memory: b8 97 4f 9f f9 7f 00 00
stack at sp + 5 slots: 0x00000000001be830 points into unknown readable memory: ff ff ff ff ff ff ff ff
stack at sp + 6 slots: 0x00007ff98432c36c dwrite.dll
stack at sp + 7 slots: 0x0 is NULL


---------------  P R O C E S S  ---------------

Threads class SMR info:
_java_thread_list=0x000000003043f5b0, length=28, elements={
0x00000000032e3800, 0x0000000026867000, 0x0000000026868800, 0x0000000027523000,
0x0000000027524000, 0x0000000027526800, 0x00000000275c9800, 0x00000000275e7000,
0x00000000276cf800, 0x00000000276d8800, 0x00000000290f7800, 0x00000000291cc800,
0x00000000292a1000, 0x00000000292b4800, 0x0000000029448000, 0x000000002965d800,
0x000000002955a800, 0x00000000302fa000, 0x00000000349fd800, 0x0000000034c36800,
0x0000000034c38800, 0x0000000034c3a800, 0x0000000034c37000, 0x0000000038e66800,
0x0000000038e69000, 0x0000000038e6a000, 0x0000000030ad8800, 0x0000000038e65800
}

Java Threads: ( => current thread )
  0x00000000032e3800 JavaThread "main" [_thread_blocked, id=816, stack(0x00000000004e0000,0x00000000006e0000)]
  0x0000000026867000 JavaThread "Reference Handler" daemon [_thread_blocked, id=15848, stack(0x0000000027a90000,0x0000000027c90000)]
  0x0000000026868800 JavaThread "Finalizer" daemon [_thread_blocked, id=22632, stack(0x0000000027c90000,0x0000000027e90000)]
  0x0000000027523000 JavaThread "Signal Dispatcher" daemon [_thread_blocked, id=5684, stack(0x0000000027f90000,0x0000000028190000)]
  0x0000000027524000 JavaThread "Attach Listener" daemon [_thread_blocked, id=5852, stack(0x0000000028190000,0x0000000028390000)]
  0x0000000027526800 JavaThread "C2 CompilerThread0" daemon [_thread_in_native, id=5904, stack(0x0000000028390000,0x0000000028590000)]
  0x00000000275c9800 JavaThread "C1 CompilerThread0" daemon [_thread_blocked, id=20704, stack(0x0000000028590000,0x0000000028790000)]
  0x00000000275e7000 JavaThread "Sweeper thread" daemon [_thread_blocked, id=11516, stack(0x0000000028790000,0x0000000028990000)]
  0x00000000276cf800 JavaThread "Service Thread" daemon [_thread_blocked, id=23980, stack(0x0000000028990000,0x0000000028b90000)]
  0x00000000276d8800 JavaThread "Common-Cleaner" daemon [_thread_blocked, id=22104, stack(0x0000000028d90000,0x0000000028f90000)]
  0x00000000290f7800 JavaThread "JavaFX-Launcher" [_thread_blocked, id=21144, stack(0x0000000029790000,0x0000000029990000)]
=>0x00000000291cc800 JavaThread "QuantumRenderer-0" daemon [_thread_in_native, id=23892, stack(0x0000000029a70000,0x0000000029c70000)]
  0x00000000292a1000 JavaThread "InvokeLaterDispatcher" daemon [_thread_blocked, id=3932, stack(0x000000002a530000,0x000000002a730000)]
  0x00000000292b4800 JavaThread "JavaFX Application Thread" [_thread_blocked, id=15156, stack(0x000000002a730000,0x000000002a930000)]
  0x0000000029448000 JavaThread "Thread-2" daemon [_thread_in_native, id=13352, stack(0x000000002fd30000,0x000000002ff30000)]
  0x000000002965d800 JavaThread "Java2D Disposer" daemon [_thread_blocked, id=19604, stack(0x0000000031240000,0x0000000031440000)]
  0x000000002955a800 JavaThread "AWT-Shutdown" [_thread_blocked, id=280, stack(0x0000000031440000,0x0000000031640000)]
  0x00000000302fa000 JavaThread "Thread-3" [_thread_blocked, id=17912, stack(0x0000000031840000,0x0000000031a40000)]
  0x00000000349fd800 JavaThread "AWT-EventQueue-0" [_thread_blocked, id=10536, stack(0x0000000033320000,0x0000000033520000)]
  0x0000000034c36800 JavaThread "TimerQueue" daemon [_thread_blocked, id=16992, stack(0x0000000037370000,0x0000000037570000)]
  0x0000000034c38800 JavaThread "Prism Font Disposer" daemon [_thread_blocked, id=21508, stack(0x000000003ac00000,0x000000003ae00000)]
  0x0000000034c3a800 JavaThread "Thread-8" [_thread_blocked, id=7872, stack(0x000000003d520000,0x000000003d720000)]
  0x0000000034c37000 JavaThread "Timer-0" [_thread_blocked, id=23952, stack(0x000000003d720000,0x000000003d920000)]
  0x0000000038e66800 JavaThread "Cleaner-0" daemon [_thread_blocked, id=12032, stack(0x00000000400f0000,0x00000000402f0000)]
  0x0000000038e69000 JavaThread "Disposer" daemon [_thread_blocked, id=24456, stack(0x0000000037a40000,0x0000000037c40000)]
  0x0000000038e6a000 JavaThread "BlueJ compiler thread" [_thread_blocked, id=11100, stack(0x0000000032840000,0x0000000032a40000)]
  0x0000000030ad8800 JavaThread "C2 CompilerThread1" daemon [_thread_in_native, id=1948, stack(0x000000003f8f0000,0x000000003faf0000)]
  0x0000000038e65800 JavaThread "ToolkitShutdown" daemon [_thread_in_native, id=7636, stack(0x000000004b4b0000,0x000000004b6b0000)]

Other Threads:
  0x000000002688d000 VMThread "VM Thread" [stack: 0x0000000027890000,0x0000000027a90000] [id=19360]
  0x00000000276d4000 WatcherThread [stack: 0x0000000028b90000,0x0000000028d90000] [id=12652]
  0x00000000032f9000 GCTaskThread "GC Thread#0" [stack: 0x0000000002c80000,0x0000000002e80000] [id=22764]
  0x000000002976a000 GCTaskThread "GC Thread#1" [stack: 0x0000000031c40000,0x0000000031e40000] [id=15144]
  0x00000000301c7000 GCTaskThread "GC Thread#2" [stack: 0x0000000031e40000,0x0000000032040000] [id=15684]
  0x0000000029557800 GCTaskThread "GC Thread#3" [stack: 0x0000000032040000,0x0000000032240000] [id=19564]
  0x0000000029444000 GCTaskThread "GC Thread#4" [stack: 0x0000000032240000,0x0000000032440000] [id=22160]
  0x0000000029470800 GCTaskThread "GC Thread#5" [stack: 0x0000000032440000,0x0000000032640000] [id=9784]
  0x0000000003356000 ConcurrentGCThread "G1 Main Marker" [stack: 0x0000000023c20000,0x0000000023e20000] [id=1492]
  0x0000000003358000 ConcurrentGCThread "G1 Conc#0" [stack: 0x0000000023e20000,0x0000000024020000] [id=23004]
  0x0000000033fad800 ConcurrentGCThread "G1 Conc#1" [stack: 0x0000000037640000,0x0000000037840000] [id=16424]
  0x000000002674d000 ConcurrentGCThread "G1 Refine#0" [stack: 0x0000000026890000,0x0000000026a90000] [id=9380]
  0x00000000384e4800 ConcurrentGCThread "G1 Refine#1" [stack: 0x000000003f2f0000,0x000000003f4f0000] [id=7304]
  0x000000003023f000 ConcurrentGCThread "G1 Refine#2" [stack: 0x000000003f4f0000,0x000000003f6f0000] [id=16672]
  0x000000002968a000 ConcurrentGCThread "G1 Refine#3" [stack: 0x000000003f6f0000,0x000000003f8f0000] [id=16980]
  0x000000002674e000 ConcurrentGCThread "G1 Young RemSet Sampling" [stack: 0x0000000026a90000,0x0000000026c90000] [id=21468]

Threads with active compile tasks:
C2 CompilerThread012569       4       javafx.css.CompoundSelector::stateMatches (193 bytes)
C2 CompilerThread112525       4       javafx.scene.CssStyleHelper::lookupFont (1234 bytes)

VM state:not at safepoint (normal execution)

VM Mutex/Monitor currently owned by a thread: None

Heap address: 0x000000070a000000, size: 3936 MB, Compressed Oops mode: Zero based, Oop shift amount: 3
Narrow klass base: 0x0000000800000000, Narrow klass shift: 0
Compressed class space size: 1073741824 Address: 0x0000000800000000

Heap:
 garbage-first heap   total 364544K, used 171696K [0x000000070a000000, 0x0000000800000000)
  region size 1024K, 23 young (23552K), 14 survivors (14336K)
 Metaspace       used 65136K, capacity 68352K, committed 68384K, reserved 1107968K
  class space    used 8469K, capacity 9829K, committed 9856K, reserved 1048576K
Heap Regions: E=young(eden), S=young(survivor), O=old, HS=humongous(starts), HC=humongous(continues), CS=collection set, F=free, A=archive, TAMS=top-at-mark-start (previous, next)
|   0|0x000000070a000000, 0x000000070a100000, 0x000000070a100000|100%| O|  |TAMS 0x000000070a000000, 0x000000070a000000| Untracked 
|   1|0x000000070a100000, 0x000000070a200000, 0x000000070a200000|100%| O|  |TAMS 0x000000070a200000, 0x000000070a100000| Untracked 
|   2|0x000000070a200000, 0x000000070a300000, 0x000000070a300000|100%| O|  |TAMS 0x000000070a300000, 0x000000070a200000| Untracked 
|   3|0x000000070a300000, 0x000000070a400000, 0x000000070a400000|100%| O|  |TAMS 0x000000070a400000, 0x000000070a300000| Untracked 
|   4|0x000000070a400000, 0x000000070a500000, 0x000000070a500000|100%| O|  |TAMS 0x000000070a500000, 0x000000070a400000| Untracked 
|   5|0x000000070a500000, 0x000000070a600000, 0x000000070a600000|100%| O|  |TAMS 0x000000070a600000, 0x000000070a500000| Untracked 
|   6|0x000000070a600000, 0x000000070a700000, 0x000000070a700000|100%| O|  |TAMS 0x000000070a700000, 0x000000070a600000| Untracked 
|   7|0x000000070a700000, 0x000000070a800000, 0x000000070a800000|100%| O|  |TAMS 0x000000070a800000, 0x000000070a700000| Untracked 
|   8|0x000000070a800000, 0x000000070a900000, 0x000000070a900000|100%| O|  |TAMS 0x000000070a900000, 0x000000070a800000| Untracked 
|   9|0x000000070a900000, 0x000000070aa00000, 0x000000070aa00000|100%| O|  |TAMS 0x000000070aa00000, 0x000000070a900000| Untracked 
|  10|0x000000070aa00000, 0x000000070ab00000, 0x000000070ab00000|100%| O|  |TAMS 0x000000070ab00000, 0x000000070aa00000| Untracked 
|  11|0x000000070ab00000, 0x000000070ac00000, 0x000000070ac00000|100%| O|  |TAMS 0x000000070ac00000, 0x000000070ab00000| Untracked 
|  12|0x000000070ac00000, 0x000000070ad00000, 0x000000070ad00000|100%| O|  |TAMS 0x000000070ad00000, 0x000000070ac00000| Untracked 
|  13|0x000000070ad00000, 0x000000070ae00000, 0x000000070ae00000|100%|HS|  |TAMS 0x000000070ae00000, 0x000000070ad00000| Complete 
|  14|0x000000070ae00000, 0x000000070af00000, 0x000000070af00000|100%|HC|  |TAMS 0x000000070af00000, 0x000000070ae00000| Complete 
|  15|0x000000070af00000, 0x000000070b000000, 0x000000070b000000|100%|HC|  |TAMS 0x000000070b000000, 0x000000070af00000| Complete 
|  16|0x000000070b000000, 0x000000070b100000, 0x000000070b100000|100%|HS|  |TAMS 0x000000070b100000, 0x000000070b000000| Complete 
|  17|0x000000070b100000, 0x000000070b200000, 0x000000070b200000|100%|HC|  |TAMS 0x000000070b200000, 0x000000070b100000| Complete 
|  18|0x000000070b200000, 0x000000070b300000, 0x000000070b300000|100%|HC|  |TAMS 0x000000070b300000, 0x000000070b200000| Complete 
|  19|0x000000070b300000, 0x000000070b400000, 0x000000070b400000|100%|HC|  |TAMS 0x000000070b400000, 0x000000070b300000| Complete 
|  20|0x000000070b400000, 0x000000070b500000, 0x000000070b500000|100%|HS|  |TAMS 0x000000070b500000, 0x000000070b400000| Complete 
|  21|0x000000070b500000, 0x000000070b600000, 0x000000070b600000|100%|HC|  |TAMS 0x000000070b600000, 0x000000070b500000| Complete 
|  22|0x000000070b600000, 0x000000070b700000, 0x000000070b700000|100%|HC|  |TAMS 0x000000070b700000, 0x000000070b600000| Complete 
|  23|0x000000070b700000, 0x000000070b800000, 0x000000070b800000|100%|HC|  |TAMS 0x000000070b800000, 0x000000070b700000| Complete 
|  24|0x000000070b800000, 0x000000070b900000, 0x000000070b900000|100%|HS|  |TAMS 0x000000070b900000, 0x000000070b800000| Complete 
|  25|0x000000070b900000, 0x000000070ba00000, 0x000000070ba00000|100%|HC|  |TAMS 0x000000070ba00000, 0x000000070b900000| Complete 
|  26|0x000000070ba00000, 0x000000070bb00000, 0x000000070bb00000|100%|HC|  |TAMS 0x000000070bb00000, 0x000000070ba00000| Complete 
|  27|0x000000070bb00000, 0x000000070bc00000, 0x000000070bc00000|100%|HC|  |TAMS 0x000000070bc00000, 0x000000070bb00000| Complete 
|  28|0x000000070bc00000, 0x000000070bd00000, 0x000000070bd00000|100%|HS|  |TAMS 0x000000070bd00000, 0x000000070bc00000| Complete 
|  29|0x000000070bd00000, 0x000000070be00000, 0x000000070be00000|100%|HC|  |TAMS 0x000000070be00000, 0x000000070bd00000| Complete 
|  30|0x000000070be00000, 0x000000070bf00000, 0x000000070bf00000|100%|HC|  |TAMS 0x000000070bf00000, 0x000000070be00000| Complete 
|  31|0x000000070bf00000, 0x000000070c000000, 0x000000070c000000|100%|HC|  |TAMS 0x000000070c000000, 0x000000070bf00000| Complete 
|  32|0x000000070c000000, 0x000000070c100000, 0x000000070c100000|100%|HS|  |TAMS 0x000000070c100000, 0x000000070c000000| Complete 
|  33|0x000000070c100000, 0x000000070c200000, 0x000000070c200000|100%|HC|  |TAMS 0x000000070c200000, 0x000000070c100000| Complete 
|  34|0x000000070c200000, 0x000000070c300000, 0x000000070c300000|100%|HC|  |TAMS 0x000000070c300000, 0x000000070c200000| Complete 
|  35|0x000000070c300000, 0x000000070c400000, 0x000000070c400000|100%|HC|  |TAMS 0x000000070c400000, 0x000000070c300000| Complete 
|  36|0x000000070c400000, 0x000000070c500000, 0x000000070c500000|100%|HS|  |TAMS 0x000000070c500000, 0x000000070c400000| Complete 
|  37|0x000000070c500000, 0x000000070c600000, 0x000000070c600000|100%|HC|  |TAMS 0x000000070c600000, 0x000000070c500000| Complete 
|  38|0x000000070c600000, 0x000000070c700000, 0x000000070c700000|100%|HC|  |TAMS 0x000000070c700000, 0x000000070c600000| Complete 
|  39|0x000000070c700000, 0x000000070c800000, 0x000000070c800000|100%|HC|  |TAMS 0x000000070c800000, 0x000000070c700000| Complete 
|  40|0x000000070c800000, 0x000000070c900000, 0x000000070c900000|100%|HS|  |TAMS 0x000000070c900000, 0x000000070c800000| Complete 
|  41|0x000000070c900000, 0x000000070ca00000, 0x000000070ca00000|100%|HC|  |TAMS 0x000000070ca00000, 0x000000070c900000| Complete 
|  42|0x000000070ca00000, 0x000000070cb00000, 0x000000070cb00000|100%|HC|  |TAMS 0x000000070cb00000, 0x000000070ca00000| Complete 
|  43|0x000000070cb00000, 0x000000070cc00000, 0x000000070cc00000|100%|HC|  |TAMS 0x000000070cc00000, 0x000000070cb00000| Complete 
|  44|0x000000070cc00000, 0x000000070cd00000, 0x000000070cd00000|100%|HS|  |TAMS 0x000000070cd00000, 0x000000070cc00000| Complete 
|  45|0x000000070cd00000, 0x000000070ce00000, 0x000000070ce00000|100%|HC|  |TAMS 0x000000070ce00000, 0x000000070cd00000| Complete 
|  46|0x000000070ce00000, 0x000000070cf00000, 0x000000070cf00000|100%|HC|  |TAMS 0x000000070cf00000, 0x000000070ce00000| Complete 
|  47|0x000000070cf00000, 0x000000070d000000, 0x000000070d000000|100%|HC|  |TAMS 0x000000070d000000, 0x000000070cf00000| Complete 
|  48|0x000000070d000000, 0x000000070d100000, 0x000000070d100000|100%|HS|  |TAMS 0x000000070d100000, 0x000000070d000000| Complete 
|  49|0x000000070d100000, 0x000000070d200000, 0x000000070d200000|100%|HC|  |TAMS 0x000000070d200000, 0x000000070d100000| Complete 
|  50|0x000000070d200000, 0x000000070d300000, 0x000000070d300000|100%|HC|  |TAMS 0x000000070d300000, 0x000000070d200000| Complete 
|  51|0x000000070d300000, 0x000000070d400000, 0x000000070d400000|100%|HS|  |TAMS 0x000000070d400000, 0x000000070d300000| Complete 
|  52|0x000000070d400000, 0x000000070d500000, 0x000000070d500000|100%|HC|  |TAMS 0x000000070d500000, 0x000000070d400000| Complete 
|  53|0x000000070d500000, 0x000000070d600000, 0x000000070d600000|100%|HS|  |TAMS 0x000000070d600000, 0x000000070d500000| Complete 
|  54|0x000000070d600000, 0x000000070d700000, 0x000000070d700000|100%|HC|  |TAMS 0x000000070d700000, 0x000000070d600000| Complete 
|  55|0x000000070d700000, 0x000000070d800000, 0x000000070d800000|100%|HS|  |TAMS 0x000000070d800000, 0x000000070d700000| Complete 
|  56|0x000000070d800000, 0x000000070d900000, 0x000000070d900000|100%|HC|  |TAMS 0x000000070d900000, 0x000000070d800000| Complete 
|  57|0x000000070d900000, 0x000000070da00000, 0x000000070da00000|100%| O|  |TAMS 0x000000070da00000, 0x000000070d900000| Untracked 
|  58|0x000000070da00000, 0x000000070db00000, 0x000000070db00000|100%| O|  |TAMS 0x000000070db00000, 0x000000070da00000| Untracked 
|  59|0x000000070db00000, 0x000000070dc00000, 0x000000070dc00000|100%| O|  |TAMS 0x000000070dc00000, 0x000000070db00000| Untracked 
|  60|0x000000070dc00000, 0x000000070dd00000, 0x000000070dd00000|100%| O|  |TAMS 0x000000070dd00000, 0x000000070dc00000| Untracked 
|  61|0x000000070dd00000, 0x000000070de00000, 0x000000070de00000|100%| O|  |TAMS 0x000000070de00000, 0x000000070dd00000| Untracked 
|  62|0x000000070de00000, 0x000000070df00000, 0x000000070df00000|100%| O|  |TAMS 0x000000070df00000, 0x000000070de00000| Untracked 
|  63|0x000000070df00000, 0x000000070e000000, 0x000000070e000000|100%| O|  |TAMS 0x000000070e000000, 0x000000070df00000| Untracked 
|  64|0x000000070e000000, 0x000000070e100000, 0x000000070e100000|100%| O|  |TAMS 0x000000070e100000, 0x000000070e000000| Untracked 
|  65|0x000000070e100000, 0x000000070e200000, 0x000000070e200000|100%| O|  |TAMS 0x000000070e200000, 0x000000070e100000| Untracked 
|  66|0x000000070e200000, 0x000000070e300000, 0x000000070e300000|100%| O|  |TAMS 0x000000070e300000, 0x000000070e200000| Untracked 
|  67|0x000000070e300000, 0x000000070e400000, 0x000000070e400000|100%| O|  |TAMS 0x000000070e400000, 0x000000070e300000| Untracked 
|  68|0x000000070e400000, 0x000000070e500000, 0x000000070e500000|100%| O|  |TAMS 0x000000070e400000, 0x000000070e400000| Untracked 
|  69|0x000000070e500000, 0x000000070e55a800, 0x000000070e600000| 35%| O|  |TAMS 0x000000070e500000, 0x000000070e500000| Untracked 
|  70|0x000000070e600000, 0x000000070e600000, 0x000000070e700000|  0%| F|  |TAMS 0x000000070e600000, 0x000000070e600000| Untracked 
|  71|0x000000070e700000, 0x000000070e800000, 0x000000070e800000|100%| O|  |TAMS 0x000000070e800000, 0x000000070e700000| Untracked 
|  72|0x000000070e800000, 0x000000070e900000, 0x000000070e900000|100%| O|  |TAMS 0x000000070e900000, 0x000000070e800000| Untracked 
|  73|0x000000070e900000, 0x000000070ea00000, 0x000000070ea00000|100%| O|  |TAMS 0x000000070ea00000, 0x000000070e900000| Untracked 
|  74|0x000000070ea00000, 0x000000070eb00000, 0x000000070eb00000|100%| O|  |TAMS 0x000000070eb00000, 0x000000070ea00000| Untracked 
|  75|0x000000070eb00000, 0x000000070ec00000, 0x000000070ec00000|100%| O|  |TAMS 0x000000070ec00000, 0x000000070eb00000| Untracked 
|  76|0x000000070ec00000, 0x000000070ed00000, 0x000000070ed00000|100%| O|  |TAMS 0x000000070ed00000, 0x000000070ec00000| Untracked 
|  77|0x000000070ed00000, 0x000000070ed00000, 0x000000070ee00000|  0%| F|  |TAMS 0x000000070ed00000, 0x000000070ed00000| Untracked 
|  78|0x000000070ee00000, 0x000000070ef00000, 0x000000070ef00000|100%| O|  |TAMS 0x000000070ef00000, 0x000000070ee00000| Untracked 
|  79|0x000000070ef00000, 0x000000070f000000, 0x000000070f000000|100%| O|  |TAMS 0x000000070f000000, 0x000000070ef00000| Untracked 
|  80|0x000000070f000000, 0x000000070f100000, 0x000000070f100000|100%| O|  |TAMS 0x000000070f100000, 0x000000070f000000| Untracked 
|  81|0x000000070f100000, 0x000000070f200000, 0x000000070f200000|100%| O|  |TAMS 0x000000070f200000, 0x000000070f100000| Untracked 
|  82|0x000000070f200000, 0x000000070f300000, 0x000000070f300000|100%| O|  |TAMS 0x000000070f300000, 0x000000070f200000| Untracked 
|  83|0x000000070f300000, 0x000000070f400000, 0x000000070f400000|100%| O|  |TAMS 0x000000070f400000, 0x000000070f300000| Untracked 
|  84|0x000000070f400000, 0x000000070f500000, 0x000000070f500000|100%| O|  |TAMS 0x000000070f500000, 0x000000070f400000| Untracked 
|  85|0x000000070f500000, 0x000000070f600000, 0x000000070f600000|100%| O|  |TAMS 0x000000070f600000, 0x000000070f500000| Untracked 
|  86|0x000000070f600000, 0x000000070f600000, 0x000000070f700000|  0%| F|  |TAMS 0x000000070f600000, 0x000000070f600000| Untracked 
|  87|0x000000070f700000, 0x000000070f800000, 0x000000070f800000|100%| O|  |TAMS 0x000000070f800000, 0x000000070f700000| Untracked 
|  88|0x000000070f800000, 0x000000070f900000, 0x000000070f900000|100%| O|  |TAMS 0x000000070f900000, 0x000000070f800000| Untracked 
|  89|0x000000070f900000, 0x000000070fa00000, 0x000000070fa00000|100%| O|  |TAMS 0x000000070fa00000, 0x000000070f900000| Untracked 
|  90|0x000000070fa00000, 0x000000070fb00000, 0x000000070fb00000|100%| O|  |TAMS 0x000000070fb00000, 0x000000070fa00000| Untracked 
|  91|0x000000070fb00000, 0x000000070fc00000, 0x000000070fc00000|100%| O|  |TAMS 0x000000070fc00000, 0x000000070fb00000| Untracked 
|  92|0x000000070fc00000, 0x000000070fd00000, 0x000000070fd00000|100%| O|  |TAMS 0x000000070fd00000, 0x000000070fc00000| Untracked 
|  93|0x000000070fd00000, 0x000000070fe00000, 0x000000070fe00000|100%| O|  |TAMS 0x000000070fe00000, 0x000000070fd00000| Untracked 
|  94|0x000000070fe00000, 0x000000070ff00000, 0x000000070ff00000|100%| O|  |TAMS 0x000000070ff00000, 0x000000070fe00000| Untracked 
|  95|0x000000070ff00000, 0x0000000710000000, 0x0000000710000000|100%| O|  |TAMS 0x000000070ff00000, 0x000000070ff00000| Untracked 
|  96|0x0000000710000000, 0x0000000710100000, 0x0000000710100000|100%| O|  |TAMS 0x0000000710000000, 0x0000000710000000| Untracked 
|  97|0x0000000710100000, 0x0000000710200000, 0x0000000710200000|100%| O|  |TAMS 0x0000000710100000, 0x0000000710100000| Untracked 
|  98|0x0000000710200000, 0x0000000710300000, 0x0000000710300000|100%| O|  |TAMS 0x0000000710200000, 0x0000000710200000| Untracked 
|  99|0x0000000710300000, 0x0000000710400000, 0x0000000710400000|100%| O|  |TAMS 0x0000000710300000, 0x0000000710300000| Untracked 
| 100|0x0000000710400000, 0x0000000710500000, 0x0000000710500000|100%| O|  |TAMS 0x0000000710400000, 0x0000000710400000| Untracked 
| 101|0x0000000710500000, 0x0000000710600000, 0x0000000710600000|100%| O|  |TAMS 0x0000000710500000, 0x0000000710500000| Untracked 
| 102|0x0000000710600000, 0x0000000710600000, 0x0000000710700000|  0%| F|  |TAMS 0x0000000710600000, 0x0000000710600000| Untracked 
| 103|0x0000000710700000, 0x0000000710700000, 0x0000000710800000|  0%| F|  |TAMS 0x0000000710700000, 0x0000000710700000| Untracked 
| 104|0x0000000710800000, 0x0000000710800000, 0x0000000710900000|  0%| F|  |TAMS 0x0000000710800000, 0x0000000710800000| Untracked 
| 105|0x0000000710900000, 0x0000000710a00000, 0x0000000710a00000|100%| O|  |TAMS 0x0000000710900000, 0x0000000710900000| Untracked 
| 106|0x0000000710a00000, 0x0000000710b00000, 0x0000000710b00000|100%| O|  |TAMS 0x0000000710a00000, 0x0000000710a00000| Untracked 
| 107|0x0000000710b00000, 0x0000000710b00000, 0x0000000710c00000|  0%| F|  |TAMS 0x0000000710b00000, 0x0000000710b00000| Untracked 
| 108|0x0000000710c00000, 0x0000000710c00000, 0x0000000710d00000|  0%| F|  |TAMS 0x0000000710c00000, 0x0000000710c00000| Untracked 
| 109|0x0000000710d00000, 0x0000000710d00000, 0x0000000710e00000|  0%| F|  |TAMS 0x0000000710d00000, 0x0000000710d00000| Untracked 
| 110|0x0000000710e00000, 0x0000000710e00000, 0x0000000710f00000|  0%| F|  |TAMS 0x0000000710e00000, 0x0000000710e00000| Untracked 
| 111|0x0000000710f00000, 0x0000000710f00000, 0x0000000711000000|  0%| F|  |TAMS 0x0000000710f00000, 0x0000000710f00000| Untracked 
| 112|0x0000000711000000, 0x0000000711000000, 0x0000000711100000|  0%| F|  |TAMS 0x0000000711000000, 0x0000000711000000| Untracked 
| 113|0x0000000711100000, 0x0000000711100000, 0x0000000711200000|  0%| F|  |TAMS 0x0000000711100000, 0x0000000711100000| Untracked 
| 114|0x0000000711200000, 0x0000000711200000, 0x0000000711300000|  0%| F|  |TAMS 0x0000000711200000, 0x0000000711200000| Untracked 
| 115|0x0000000711300000, 0x0000000711300000, 0x0000000711400000|  0%| F|  |TAMS 0x0000000711300000, 0x0000000711300000| Untracked 
| 116|0x0000000711400000, 0x0000000711400000, 0x0000000711500000|  0%| F|  |TAMS 0x0000000711400000, 0x0000000711400000| Untracked 
| 117|0x0000000711500000, 0x0000000711500000, 0x0000000711600000|  0%| F|  |TAMS 0x0000000711500000, 0x0000000711500000| Untracked 
| 118|0x0000000711600000, 0x0000000711700000, 0x0000000711700000|100%| O|  |TAMS 0x0000000711700000, 0x0000000711600000| Untracked 
| 119|0x0000000711700000, 0x0000000711800000, 0x0000000711800000|100%| O|  |TAMS 0x0000000711800000, 0x0000000711700000| Untracked 
| 120|0x0000000711800000, 0x0000000711900000, 0x0000000711900000|100%| O|  |TAMS 0x0000000711900000, 0x0000000711800000| Untracked 
| 121|0x0000000711900000, 0x0000000711a00000, 0x0000000711a00000|100%| O|  |TAMS 0x0000000711a00000, 0x0000000711900000| Untracked 
| 122|0x0000000711a00000, 0x0000000711b00000, 0x0000000711b00000|100%| O|  |TAMS 0x0000000711b00000, 0x0000000711a00000| Untracked 
| 123|0x0000000711b00000, 0x0000000711c00000, 0x0000000711c00000|100%| O|  |TAMS 0x0000000711c00000, 0x0000000711b00000| Untracked 
| 124|0x0000000711c00000, 0x0000000711d00000, 0x0000000711d00000|100%| O|  |TAMS 0x0000000711d00000, 0x0000000711c00000| Untracked 
| 125|0x0000000711d00000, 0x0000000711e00000, 0x0000000711e00000|100%| O|  |TAMS 0x0000000711e00000, 0x0000000711d00000| Untracked 
| 126|0x0000000711e00000, 0x0000000711f00000, 0x0000000711f00000|100%| O|  |TAMS 0x0000000711f00000, 0x0000000711e00000| Untracked 
| 127|0x0000000711f00000, 0x0000000712000000, 0x0000000712000000|100%| O|  |TAMS 0x0000000712000000, 0x0000000711f00000| Untracked 
| 128|0x0000000712000000, 0x0000000712100000, 0x0000000712100000|100%| O|  |TAMS 0x0000000712100000, 0x0000000712000000| Untracked 
| 129|0x0000000712100000, 0x0000000712200000, 0x0000000712200000|100%| O|  |TAMS 0x0000000712200000, 0x0000000712100000| Untracked 
| 130|0x0000000712200000, 0x0000000712300000, 0x0000000712300000|100%| O|  |TAMS 0x0000000712300000, 0x0000000712200000| Untracked 
| 131|0x0000000712300000, 0x0000000712400000, 0x0000000712400000|100%| O|  |TAMS 0x0000000712400000, 0x0000000712300000| Untracked 
| 132|0x0000000712400000, 0x0000000712500000, 0x0000000712500000|100%| O|  |TAMS 0x0000000712500000, 0x0000000712400000| Untracked 
| 133|0x0000000712500000, 0x0000000712600000, 0x0000000712600000|100%| O|  |TAMS 0x0000000712600000, 0x0000000712500000| Untracked 
| 134|0x0000000712600000, 0x0000000712600000, 0x0000000712700000|  0%| F|  |TAMS 0x0000000712600000, 0x0000000712600000| Untracked 
| 135|0x0000000712700000, 0x0000000712700000, 0x0000000712800000|  0%| F|  |TAMS 0x0000000712700000, 0x0000000712700000| Untracked 
| 136|0x0000000712800000, 0x0000000712800000, 0x0000000712900000|  0%| F|  |TAMS 0x0000000712800000, 0x0000000712800000| Untracked 
| 137|0x0000000712900000, 0x0000000712900000, 0x0000000712a00000|  0%| F|  |TAMS 0x0000000712900000, 0x0000000712900000| Untracked 
| 138|0x0000000712a00000, 0x0000000712a00000, 0x0000000712b00000|  0%| F|  |TAMS 0x0000000712a00000, 0x0000000712a00000| Untracked 
| 139|0x0000000712b00000, 0x0000000712b00000, 0x0000000712c00000|  0%| F|  |TAMS 0x0000000712b00000, 0x0000000712b00000| Untracked 
| 140|0x0000000712c00000, 0x0000000712c00000, 0x0000000712d00000|  0%| F|  |TAMS 0x0000000712c00000, 0x0000000712c00000| Untracked 
| 141|0x0000000712d00000, 0x0000000712d00000, 0x0000000712e00000|  0%| F|  |TAMS 0x0000000712d00000, 0x0000000712d00000| Untracked 
| 142|0x0000000712e00000, 0x0000000712e00000, 0x0000000712f00000|  0%| F|  |TAMS 0x0000000712e00000, 0x0000000712e00000| Untracked 
| 143|0x0000000712f00000, 0x0000000713000000, 0x0000000713000000|100%| O|  |TAMS 0x0000000713000000, 0x0000000712f00000| Untracked 
| 144|0x0000000713000000, 0x0000000713100000, 0x0000000713100000|100%| O|  |TAMS 0x0000000713100000, 0x0000000713000000| Untracked 
| 145|0x0000000713100000, 0x0000000713200000, 0x0000000713200000|100%| O|  |TAMS 0x0000000713200000, 0x0000000713100000| Untracked 
| 146|0x0000000713200000, 0x0000000713300000, 0x0000000713300000|100%| O|  |TAMS 0x0000000713300000, 0x0000000713200000| Untracked 
| 147|0x0000000713300000, 0x0000000713400000, 0x0000000713400000|100%| O|  |TAMS 0x0000000713400000, 0x0000000713300000| Untracked 
| 148|0x0000000713400000, 0x0000000713500000, 0x0000000713500000|100%| O|  |TAMS 0x0000000713500000, 0x0000000713400000| Untracked 
| 149|0x0000000713500000, 0x0000000713600000, 0x0000000713600000|100%| O|  |TAMS 0x0000000713600000, 0x0000000713500000| Untracked 
| 150|0x0000000713600000, 0x0000000713700000, 0x0000000713700000|100%| O|  |TAMS 0x0000000713700000, 0x0000000713600000| Untracked 
| 151|0x0000000713700000, 0x0000000713800000, 0x0000000713800000|100%| O|  |TAMS 0x0000000713800000, 0x0000000713700000| Untracked 
| 152|0x0000000713800000, 0x0000000713900000, 0x0000000713900000|100%| O|  |TAMS 0x0000000713900000, 0x0000000713800000| Untracked 
| 153|0x0000000713900000, 0x0000000713a00000, 0x0000000713a00000|100%| O|  |TAMS 0x0000000713a00000, 0x0000000713900000| Untracked 
| 154|0x0000000713a00000, 0x0000000713b00000, 0x0000000713b00000|100%| O|  |TAMS 0x0000000713b00000, 0x0000000713a00000| Untracked 
| 155|0x0000000713b00000, 0x0000000713c00000, 0x0000000713c00000|100%| O|  |TAMS 0x0000000713c00000, 0x0000000713b00000| Untracked 
| 156|0x0000000713c00000, 0x0000000713d00000, 0x0000000713d00000|100%| O|  |TAMS 0x0000000713d00000, 0x0000000713c00000| Untracked 
| 157|0x0000000713d00000, 0x0000000713e00000, 0x0000000713e00000|100%| O|  |TAMS 0x0000000713e00000, 0x0000000713d00000| Untracked 
| 158|0x0000000713e00000, 0x0000000713f00000, 0x0000000713f00000|100%| O|  |TAMS 0x0000000713f00000, 0x0000000713e00000| Untracked 
| 159|0x0000000713f00000, 0x0000000714000000, 0x0000000714000000|100%| O|  |TAMS 0x0000000714000000, 0x0000000713f00000| Untracked 
| 160|0x0000000714000000, 0x0000000714000000, 0x0000000714100000|  0%| F|  |TAMS 0x0000000714000000, 0x0000000714000000| Untracked 
| 161|0x0000000714100000, 0x0000000714200000, 0x0000000714200000|100%| O|  |TAMS 0x0000000714200000, 0x0000000714100000| Untracked 
| 162|0x0000000714200000, 0x0000000714300000, 0x0000000714300000|100%| O|  |TAMS 0x0000000714300000, 0x0000000714200000| Untracked 
| 163|0x0000000714300000, 0x0000000714400000, 0x0000000714400000|100%| O|  |TAMS 0x0000000714400000, 0x0000000714300000| Untracked 
| 164|0x0000000714400000, 0x0000000714500000, 0x0000000714500000|100%| O|  |TAMS 0x0000000714500000, 0x0000000714400000| Untracked 
| 165|0x0000000714500000, 0x0000000714600000, 0x0000000714600000|100%| O|  |TAMS 0x0000000714600000, 0x0000000714500000| Untracked 
| 166|0x0000000714600000, 0x0000000714700000, 0x0000000714700000|100%| O|  |TAMS 0x0000000714700000, 0x0000000714600000| Untracked 
| 167|0x0000000714700000, 0x0000000714700000, 0x0000000714800000|  0%| F|  |TAMS 0x0000000714700000, 0x0000000714700000| Untracked 
| 168|0x0000000714800000, 0x0000000714900000, 0x0000000714900000|100%| O|  |TAMS 0x0000000714900000, 0x0000000714800000| Untracked 
| 169|0x0000000714900000, 0x0000000714a00000, 0x0000000714a00000|100%| O|  |TAMS 0x0000000714a00000, 0x0000000714900000| Untracked 
| 170|0x0000000714a00000, 0x0000000714b00000, 0x0000000714b00000|100%| O|  |TAMS 0x0000000714b00000, 0x0000000714a00000| Untracked 
| 171|0x0000000714b00000, 0x0000000714c00000, 0x0000000714c00000|100%| O|  |TAMS 0x0000000714c00000, 0x0000000714b00000| Untracked 
| 172|0x0000000714c00000, 0x0000000714d00000, 0x0000000714d00000|100%| O|  |TAMS 0x0000000714d00000, 0x0000000714c00000| Untracked 
| 173|0x0000000714d00000, 0x0000000714d00000, 0x0000000714e00000|  0%| F|  |TAMS 0x0000000714d00000, 0x0000000714d00000| Untracked 
| 174|0x0000000714e00000, 0x0000000714e00000, 0x0000000714f00000|  0%| F|  |TAMS 0x0000000714e00000, 0x0000000714e00000| Untracked 
| 175|0x0000000714f00000, 0x0000000715000000, 0x0000000715000000|100%| O|  |TAMS 0x0000000715000000, 0x0000000714f00000| Untracked 
| 176|0x0000000715000000, 0x0000000715000000, 0x0000000715100000|  0%| F|  |TAMS 0x0000000715000000, 0x0000000715000000| Untracked 
| 177|0x0000000715100000, 0x0000000715200000, 0x0000000715200000|100%| O|  |TAMS 0x0000000715180000, 0x0000000715100000| Untracked 
| 178|0x0000000715200000, 0x0000000715200000, 0x0000000715300000|  0%| F|  |TAMS 0x0000000715200000, 0x0000000715200000| Untracked 
| 179|0x0000000715300000, 0x0000000715300000, 0x0000000715400000|  0%| F|  |TAMS 0x0000000715300000, 0x0000000715300000| Untracked 
| 180|0x0000000715400000, 0x0000000715400000, 0x0000000715500000|  0%| F|  |TAMS 0x0000000715400000, 0x0000000715400000| Untracked 
| 181|0x0000000715500000, 0x0000000715500000, 0x0000000715600000|  0%| F|  |TAMS 0x0000000715500000, 0x0000000715500000| Untracked 
| 182|0x0000000715600000, 0x0000000715600000, 0x0000000715700000|  0%| F|  |TAMS 0x0000000715600000, 0x0000000715600000| Untracked 
| 183|0x0000000715700000, 0x0000000715700000, 0x0000000715800000|  0%| F|  |TAMS 0x0000000715700000, 0x0000000715700000| Untracked 
| 184|0x0000000715800000, 0x0000000715800000, 0x0000000715900000|  0%| F|  |TAMS 0x0000000715800000, 0x0000000715800000| Untracked 
| 185|0x0000000715900000, 0x0000000715900000, 0x0000000715a00000|  0%| F|  |TAMS 0x0000000715900000, 0x0000000715900000| Untracked 
| 186|0x0000000715a00000, 0x0000000715a00000, 0x0000000715b00000|  0%| F|  |TAMS 0x0000000715a00000, 0x0000000715a00000| Untracked 
| 187|0x0000000715b00000, 0x0000000715b00000, 0x0000000715c00000|  0%| F|  |TAMS 0x0000000715b00000, 0x0000000715b00000| Untracked 
| 188|0x0000000715c00000, 0x0000000715c00000, 0x0000000715d00000|  0%| F|  |TAMS 0x0000000715c00000, 0x0000000715c00000| Untracked 
| 189|0x0000000715d00000, 0x0000000715d00000, 0x0000000715e00000|  0%| F|  |TAMS 0x0000000715d00000, 0x0000000715d00000| Untracked 
| 190|0x0000000715e00000, 0x0000000715e00000, 0x0000000715f00000|  0%| F|  |TAMS 0x0000000715e00000, 0x0000000715e00000| Untracked 
| 191|0x0000000715f00000, 0x0000000715f00000, 0x0000000716000000|  0%| F|  |TAMS 0x0000000715f00000, 0x0000000715f00000| Untracked 
| 192|0x0000000716000000, 0x0000000716000000, 0x0000000716100000|  0%| F|  |TAMS 0x0000000716000000, 0x0000000716000000| Untracked 
| 193|0x0000000716100000, 0x0000000716100000, 0x0000000716200000|  0%| F|  |TAMS 0x0000000716100000, 0x0000000716100000| Untracked 
| 194|0x0000000716200000, 0x0000000716200000, 0x0000000716300000|  0%| F|  |TAMS 0x0000000716200000, 0x0000000716200000| Untracked 
| 195|0x0000000716300000, 0x0000000716351a50, 0x0000000716400000| 31%| S|CS|TAMS 0x0000000716300000, 0x0000000716300000| Complete 
| 196|0x0000000716400000, 0x0000000716500000, 0x0000000716500000|100%| S|CS|TAMS 0x0000000716400000, 0x0000000716400000| Complete 
| 197|0x0000000716500000, 0x0000000716600000, 0x0000000716600000|100%| S|CS|TAMS 0x0000000716500000, 0x0000000716500000| Complete 
| 198|0x0000000716600000, 0x0000000716700000, 0x0000000716700000|100%| S|CS|TAMS 0x0000000716600000, 0x0000000716600000| Complete 
| 199|0x0000000716700000, 0x0000000716800000, 0x0000000716800000|100%| S|CS|TAMS 0x0000000716700000, 0x0000000716700000| Complete 
| 200|0x0000000716800000, 0x0000000716900000, 0x0000000716900000|100%| S|CS|TAMS 0x0000000716800000, 0x0000000716800000| Complete 
| 201|0x0000000716900000, 0x0000000716a00000, 0x0000000716a00000|100%| S|CS|TAMS 0x0000000716900000, 0x0000000716900000| Complete 
| 202|0x0000000716a00000, 0x0000000716a00000, 0x0000000716b00000|  0%| F|  |TAMS 0x0000000716a00000, 0x0000000716a00000| Untracked 
| 203|0x0000000716b00000, 0x0000000716b00000, 0x0000000716c00000|  0%| F|  |TAMS 0x0000000716b00000, 0x0000000716b00000| Untracked 
| 204|0x0000000716c00000, 0x0000000716c00000, 0x0000000716d00000|  0%| F|  |TAMS 0x0000000716c00000, 0x0000000716c00000| Untracked 
| 205|0x0000000716d00000, 0x0000000716d00000, 0x0000000716e00000|  0%| F|  |TAMS 0x0000000716d00000, 0x0000000716d00000| Untracked 
| 206|0x0000000716e00000, 0x0000000716e00000, 0x0000000716f00000|  0%| F|  |TAMS 0x0000000716e00000, 0x0000000716e00000| Untracked 
| 207|0x0000000716f00000, 0x0000000716f00000, 0x0000000717000000|  0%| F|  |TAMS 0x0000000716f00000, 0x0000000716f00000| Untracked 
| 208|0x0000000717000000, 0x0000000717000000, 0x0000000717100000|  0%| F|  |TAMS 0x0000000717000000, 0x0000000717000000| Untracked 
| 209|0x0000000717100000, 0x0000000717100000, 0x0000000717200000|  0%| F|  |TAMS 0x0000000717100000, 0x0000000717100000| Untracked 
| 210|0x0000000717200000, 0x0000000717200000, 0x0000000717300000|  0%| F|  |TAMS 0x0000000717200000, 0x0000000717200000| Untracked 
| 211|0x0000000717300000, 0x0000000717400000, 0x0000000717400000|100%| S|CS|TAMS 0x0000000717300000, 0x0000000717300000| Complete 
| 212|0x0000000717400000, 0x0000000717500000, 0x0000000717500000|100%| S|CS|TAMS 0x0000000717400000, 0x0000000717400000| Complete 
| 213|0x0000000717500000, 0x0000000717600000, 0x0000000717600000|100%| S|CS|TAMS 0x0000000717500000, 0x0000000717500000| Complete 
| 214|0x0000000717600000, 0x0000000717700000, 0x0000000717700000|100%| S|CS|TAMS 0x0000000717600000, 0x0000000717600000| Complete 
| 215|0x0000000717700000, 0x0000000717800000, 0x0000000717800000|100%| S|CS|TAMS 0x0000000717700000, 0x0000000717700000| Complete 
| 216|0x0000000717800000, 0x0000000717900000, 0x0000000717900000|100%| S|CS|TAMS 0x0000000717800000, 0x0000000717800000| Complete 
| 217|0x0000000717900000, 0x0000000717a00000, 0x0000000717a00000|100%| S|CS|TAMS 0x0000000717900000, 0x0000000717900000| Complete 
| 218|0x0000000717a00000, 0x0000000717a00000, 0x0000000717b00000|  0%| F|  |TAMS 0x0000000717a00000, 0x0000000717a00000| Untracked 
| 219|0x0000000717b00000, 0x0000000717b00000, 0x0000000717c00000|  0%| F|  |TAMS 0x0000000717b00000, 0x0000000717b00000| Untracked 
| 220|0x0000000717c00000, 0x0000000717c00000, 0x0000000717d00000|  0%| F|  |TAMS 0x0000000717c00000, 0x0000000717c00000| Untracked 
| 221|0x0000000717d00000, 0x0000000717d00000, 0x0000000717e00000|  0%| F|  |TAMS 0x0000000717d00000, 0x0000000717d00000| Untracked 
| 222|0x0000000717e00000, 0x0000000717e00000, 0x0000000717f00000|  0%| F|  |TAMS 0x0000000717e00000, 0x0000000717e00000| Untracked 
| 223|0x0000000717f00000, 0x0000000717f00000, 0x0000000718000000|  0%| F|  |TAMS 0x0000000717f00000, 0x0000000717f00000| Untracked 
| 224|0x0000000718000000, 0x0000000718000000, 0x0000000718100000|  0%| F|  |TAMS 0x0000000718000000, 0x0000000718000000| Untracked 
| 225|0x0000000718100000, 0x0000000718100000, 0x0000000718200000|  0%| F|  |TAMS 0x0000000718100000, 0x0000000718100000| Untracked 
| 226|0x0000000718200000, 0x0000000718200000, 0x0000000718300000|  0%| F|  |TAMS 0x0000000718200000, 0x0000000718200000| Untracked 
| 227|0x0000000718300000, 0x0000000718300000, 0x0000000718400000|  0%| F|  |TAMS 0x0000000718300000, 0x0000000718300000| Untracked 
| 228|0x0000000718400000, 0x0000000718400000, 0x0000000718500000|  0%| F|  |TAMS 0x0000000718400000, 0x0000000718400000| Untracked 
| 229|0x0000000718500000, 0x0000000718500000, 0x0000000718600000|  0%| F|  |TAMS 0x0000000718500000, 0x0000000718500000| Untracked 
| 230|0x0000000718600000, 0x0000000718600000, 0x0000000718700000|  0%| F|  |TAMS 0x0000000718600000, 0x0000000718600000| Untracked 
| 231|0x0000000718700000, 0x0000000718700000, 0x0000000718800000|  0%| F|  |TAMS 0x0000000718700000, 0x0000000718700000| Untracked 
| 232|0x0000000718800000, 0x0000000718800000, 0x0000000718900000|  0%| F|  |TAMS 0x0000000718800000, 0x0000000718800000| Untracked 
| 233|0x0000000718900000, 0x0000000718900000, 0x0000000718a00000|  0%| F|  |TAMS 0x0000000718900000, 0x0000000718900000| Untracked 
| 234|0x0000000718a00000, 0x0000000718a00000, 0x0000000718b00000|  0%| F|  |TAMS 0x0000000718a00000, 0x0000000718a00000| Untracked 
| 235|0x0000000718b00000, 0x0000000718b00000, 0x0000000718c00000|  0%| F|  |TAMS 0x0000000718b00000, 0x0000000718b00000| Untracked 
| 236|0x0000000718c00000, 0x0000000718c00000, 0x0000000718d00000|  0%| F|  |TAMS 0x0000000718c00000, 0x0000000718c00000| Untracked 
| 237|0x0000000718d00000, 0x0000000718d00000, 0x0000000718e00000|  0%| F|  |TAMS 0x0000000718d00000, 0x0000000718d00000| Untracked 
| 238|0x0000000718e00000, 0x0000000718e00000, 0x0000000718f00000|  0%| F|  |TAMS 0x0000000718e00000, 0x0000000718e00000| Untracked 
| 239|0x0000000718f00000, 0x0000000718f00000, 0x0000000719000000|  0%| F|  |TAMS 0x0000000718f00000, 0x0000000718f00000| Untracked 
| 240|0x0000000719000000, 0x0000000719000000, 0x0000000719100000|  0%| F|  |TAMS 0x0000000719000000, 0x0000000719000000| Untracked 
| 241|0x0000000719100000, 0x0000000719100000, 0x0000000719200000|  0%| F|  |TAMS 0x0000000719100000, 0x0000000719100000| Untracked 
| 242|0x0000000719200000, 0x0000000719200000, 0x0000000719300000|  0%| F|  |TAMS 0x0000000719200000, 0x0000000719200000| Untracked 
| 243|0x0000000719300000, 0x0000000719300000, 0x0000000719400000|  0%| F|  |TAMS 0x0000000719300000, 0x0000000719300000| Untracked 
| 244|0x0000000719400000, 0x0000000719400000, 0x0000000719500000|  0%| F|  |TAMS 0x0000000719400000, 0x0000000719400000| Untracked 
| 245|0x0000000719500000, 0x0000000719500000, 0x0000000719600000|  0%| F|  |TAMS 0x0000000719500000, 0x0000000719500000| Untracked 
| 246|0x0000000719600000, 0x0000000719600000, 0x0000000719700000|  0%| F|  |TAMS 0x0000000719600000, 0x0000000719600000| Untracked 
| 247|0x0000000719700000, 0x0000000719700000, 0x0000000719800000|  0%| F|  |TAMS 0x0000000719700000, 0x0000000719700000| Untracked 
| 248|0x0000000719800000, 0x0000000719800000, 0x0000000719900000|  0%| F|  |TAMS 0x0000000719800000, 0x0000000719800000| Untracked 
| 249|0x0000000719900000, 0x0000000719900000, 0x0000000719a00000|  0%| F|  |TAMS 0x0000000719900000, 0x0000000719900000| Untracked 
| 250|0x0000000719a00000, 0x0000000719a00000, 0x0000000719b00000|  0%| F|  |TAMS 0x0000000719a00000, 0x0000000719a00000| Untracked 
| 251|0x0000000719b00000, 0x0000000719b00000, 0x0000000719c00000|  0%| F|  |TAMS 0x0000000719b00000, 0x0000000719b00000| Untracked 
| 252|0x0000000719c00000, 0x0000000719c00000, 0x0000000719d00000|  0%| F|  |TAMS 0x0000000719c00000, 0x0000000719c00000| Untracked 
| 253|0x0000000719d00000, 0x0000000719d00000, 0x0000000719e00000|  0%| F|  |TAMS 0x0000000719d00000, 0x0000000719d00000| Untracked 
| 254|0x0000000719e00000, 0x0000000719e00000, 0x0000000719f00000|  0%| F|  |TAMS 0x0000000719e00000, 0x0000000719e00000| Untracked 
| 255|0x0000000719f00000, 0x0000000719f00000, 0x000000071a000000|  0%| F|  |TAMS 0x0000000719f00000, 0x0000000719f00000| Untracked 
| 256|0x000000071a000000, 0x000000071a000000, 0x000000071a100000|  0%| F|  |TAMS 0x000000071a000000, 0x000000071a000000| Untracked 
| 257|0x000000071a100000, 0x000000071a100000, 0x000000071a200000|  0%| F|  |TAMS 0x000000071a100000, 0x000000071a100000| Untracked 
| 258|0x000000071a200000, 0x000000071a200000, 0x000000071a300000|  0%| F|  |TAMS 0x000000071a200000, 0x000000071a200000| Untracked 
| 259|0x000000071a300000, 0x000000071a300000, 0x000000071a400000|  0%| F|  |TAMS 0x000000071a300000, 0x000000071a300000| Untracked 
| 260|0x000000071a400000, 0x000000071a400000, 0x000000071a500000|  0%| F|  |TAMS 0x000000071a400000, 0x000000071a400000| Untracked 
| 261|0x000000071a500000, 0x000000071a500000, 0x000000071a600000|  0%| F|  |TAMS 0x000000071a500000, 0x000000071a500000| Untracked 
| 262|0x000000071a600000, 0x000000071a600000, 0x000000071a700000|  0%| F|  |TAMS 0x000000071a600000, 0x000000071a600000| Untracked 
| 263|0x000000071a700000, 0x000000071a700000, 0x000000071a800000|  0%| F|  |TAMS 0x000000071a700000, 0x000000071a700000| Untracked 
| 264|0x000000071a800000, 0x000000071a800000, 0x000000071a900000|  0%| F|  |TAMS 0x000000071a800000, 0x000000071a800000| Untracked 
| 265|0x000000071a900000, 0x000000071a900000, 0x000000071aa00000|  0%| F|  |TAMS 0x000000071a900000, 0x000000071a900000| Untracked 
| 266|0x000000071aa00000, 0x000000071aa00000, 0x000000071ab00000|  0%| F|  |TAMS 0x000000071aa00000, 0x000000071aa00000| Untracked 
| 267|0x000000071ab00000, 0x000000071ab00000, 0x000000071ac00000|  0%| F|  |TAMS 0x000000071ab00000, 0x000000071ab00000| Untracked 
| 268|0x000000071ac00000, 0x000000071ac00000, 0x000000071ad00000|  0%| F|  |TAMS 0x000000071ac00000, 0x000000071ac00000| Untracked 
| 269|0x000000071ad00000, 0x000000071ad00000, 0x000000071ae00000|  0%| F|  |TAMS 0x000000071ad00000, 0x000000071ad00000| Untracked 
| 270|0x000000071ae00000, 0x000000071ae00000, 0x000000071af00000|  0%| F|  |TAMS 0x000000071ae00000, 0x000000071ae00000| Untracked 
| 271|0x000000071af00000, 0x000000071af00000, 0x000000071b000000|  0%| F|  |TAMS 0x000000071af00000, 0x000000071af00000| Untracked 
| 272|0x000000071b000000, 0x000000071b000000, 0x000000071b100000|  0%| F|  |TAMS 0x000000071b000000, 0x000000071b000000| Untracked 
| 273|0x000000071b100000, 0x000000071b100000, 0x000000071b200000|  0%| F|  |TAMS 0x000000071b100000, 0x000000071b100000| Untracked 
| 274|0x000000071b200000, 0x000000071b200000, 0x000000071b300000|  0%| F|  |TAMS 0x000000071b200000, 0x000000071b200000| Untracked 
| 275|0x000000071b300000, 0x000000071b300000, 0x000000071b400000|  0%| F|  |TAMS 0x000000071b300000, 0x000000071b300000| Untracked 
| 276|0x000000071b400000, 0x000000071b400000, 0x000000071b500000|  0%| F|  |TAMS 0x000000071b400000, 0x000000071b400000| Untracked 
| 277|0x000000071b500000, 0x000000071b500000, 0x000000071b600000|  0%| F|  |TAMS 0x000000071b500000, 0x000000071b500000| Untracked 
| 278|0x000000071b600000, 0x000000071b600000, 0x000000071b700000|  0%| F|  |TAMS 0x000000071b600000, 0x000000071b600000| Untracked 
| 279|0x000000071b700000, 0x000000071b700000, 0x000000071b800000|  0%| F|  |TAMS 0x000000071b700000, 0x000000071b700000| Untracked 
| 280|0x000000071b800000, 0x000000071b800000, 0x000000071b900000|  0%| F|  |TAMS 0x000000071b800000, 0x000000071b800000| Untracked 
| 281|0x000000071b900000, 0x000000071b900000, 0x000000071ba00000|  0%| F|  |TAMS 0x000000071b900000, 0x000000071b900000| Untracked 
| 282|0x000000071ba00000, 0x000000071ba00000, 0x000000071bb00000|  0%| F|  |TAMS 0x000000071ba00000, 0x000000071ba00000| Untracked 
| 283|0x000000071bb00000, 0x000000071bb00000, 0x000000071bc00000|  0%| F|  |TAMS 0x000000071bb00000, 0x000000071bb00000| Untracked 
| 284|0x000000071bc00000, 0x000000071bc00000, 0x000000071bd00000|  0%| F|  |TAMS 0x000000071bc00000, 0x000000071bc00000| Untracked 
| 285|0x000000071bd00000, 0x000000071bd00000, 0x000000071be00000|  0%| F|  |TAMS 0x000000071bd00000, 0x000000071bd00000| Untracked 
| 286|0x000000071be00000, 0x000000071be00000, 0x000000071bf00000|  0%| F|  |TAMS 0x000000071be00000, 0x000000071be00000| Untracked 
| 287|0x000000071bf00000, 0x000000071bf00000, 0x000000071c000000|  0%| F|  |TAMS 0x000000071bf00000, 0x000000071bf00000| Untracked 
| 288|0x000000071c000000, 0x000000071c000000, 0x000000071c100000|  0%| F|  |TAMS 0x000000071c000000, 0x000000071c000000| Untracked 
| 289|0x000000071c100000, 0x000000071c100000, 0x000000071c200000|  0%| F|  |TAMS 0x000000071c100000, 0x000000071c100000| Untracked 
| 290|0x000000071c200000, 0x000000071c200000, 0x000000071c300000|  0%| F|  |TAMS 0x000000071c200000, 0x000000071c200000| Untracked 
| 291|0x000000071c300000, 0x000000071c300000, 0x000000071c400000|  0%| F|  |TAMS 0x000000071c300000, 0x000000071c300000| Untracked 
| 292|0x000000071c400000, 0x000000071c400000, 0x000000071c500000|  0%| F|  |TAMS 0x000000071c400000, 0x000000071c400000| Untracked 
| 293|0x000000071c500000, 0x000000071c500000, 0x000000071c600000|  0%| F|  |TAMS 0x000000071c500000, 0x000000071c500000| Untracked 
| 294|0x000000071c600000, 0x000000071c600000, 0x000000071c700000|  0%| F|  |TAMS 0x000000071c600000, 0x000000071c600000| Untracked 
| 295|0x000000071c700000, 0x000000071c700000, 0x000000071c800000|  0%| F|  |TAMS 0x000000071c700000, 0x000000071c700000| Untracked 
| 296|0x000000071c800000, 0x000000071c800000, 0x000000071c900000|  0%| F|  |TAMS 0x000000071c800000, 0x000000071c800000| Untracked 
| 297|0x000000071c900000, 0x000000071c900000, 0x000000071ca00000|  0%| F|  |TAMS 0x000000071c900000, 0x000000071c900000| Untracked 
| 298|0x000000071ca00000, 0x000000071ca00000, 0x000000071cb00000|  0%| F|  |TAMS 0x000000071ca00000, 0x000000071ca00000| Untracked 
| 299|0x000000071cb00000, 0x000000071cb00000, 0x000000071cc00000|  0%| F|  |TAMS 0x000000071cb00000, 0x000000071cb00000| Untracked 
| 300|0x000000071cc00000, 0x000000071cc00000, 0x000000071cd00000|  0%| F|  |TAMS 0x000000071cc00000, 0x000000071cc00000| Untracked 
| 301|0x000000071cd00000, 0x000000071cd00000, 0x000000071ce00000|  0%| F|  |TAMS 0x000000071cd00000, 0x000000071cd00000| Untracked 
| 302|0x000000071ce00000, 0x000000071ce00000, 0x000000071cf00000|  0%| F|  |TAMS 0x000000071ce00000, 0x000000071ce00000| Untracked 
| 303|0x000000071cf00000, 0x000000071cf00000, 0x000000071d000000|  0%| F|  |TAMS 0x000000071cf00000, 0x000000071cf00000| Untracked 
| 304|0x000000071d000000, 0x000000071d000000, 0x000000071d100000|  0%| F|  |TAMS 0x000000071d000000, 0x000000071d000000| Untracked 
| 305|0x000000071d100000, 0x000000071d100000, 0x000000071d200000|  0%| F|  |TAMS 0x000000071d100000, 0x000000071d100000| Untracked 
| 306|0x000000071d200000, 0x000000071d200000, 0x000000071d300000|  0%| F|  |TAMS 0x000000071d200000, 0x000000071d200000| Untracked 
| 307|0x000000071d300000, 0x000000071d300000, 0x000000071d400000|  0%| F|  |TAMS 0x000000071d300000, 0x000000071d300000| Untracked 
| 308|0x000000071d400000, 0x000000071d400000, 0x000000071d500000|  0%| F|  |TAMS 0x000000071d400000, 0x000000071d400000| Untracked 
| 309|0x000000071d500000, 0x000000071d500000, 0x000000071d600000|  0%| F|  |TAMS 0x000000071d500000, 0x000000071d500000| Untracked 
| 310|0x000000071d600000, 0x000000071d600000, 0x000000071d700000|  0%| F|  |TAMS 0x000000071d600000, 0x000000071d600000| Untracked 
| 311|0x000000071d700000, 0x000000071d700000, 0x000000071d800000|  0%| F|  |TAMS 0x000000071d700000, 0x000000071d700000| Untracked 
| 312|0x000000071d800000, 0x000000071d800000, 0x000000071d900000|  0%| F|  |TAMS 0x000000071d800000, 0x000000071d800000| Untracked 
| 313|0x000000071d900000, 0x000000071d900000, 0x000000071da00000|  0%| F|  |TAMS 0x000000071d900000, 0x000000071d900000| Untracked 
| 314|0x000000071da00000, 0x000000071da00000, 0x000000071db00000|  0%| F|  |TAMS 0x000000071da00000, 0x000000071da00000| Untracked 
| 315|0x000000071db00000, 0x000000071db00000, 0x000000071dc00000|  0%| F|  |TAMS 0x000000071db00000, 0x000000071db00000| Untracked 
| 316|0x000000071dc00000, 0x000000071dc00000, 0x000000071dd00000|  0%| F|  |TAMS 0x000000071dc00000, 0x000000071dc00000| Untracked 
| 317|0x000000071dd00000, 0x000000071dd00000, 0x000000071de00000|  0%| F|  |TAMS 0x000000071dd00000, 0x000000071dd00000| Untracked 
| 318|0x000000071de00000, 0x000000071de00000, 0x000000071df00000|  0%| F|  |TAMS 0x000000071de00000, 0x000000071de00000| Untracked 
| 319|0x000000071df00000, 0x000000071df00000, 0x000000071e000000|  0%| F|  |TAMS 0x000000071df00000, 0x000000071df00000| Untracked 
| 320|0x000000071e000000, 0x000000071e000000, 0x000000071e100000|  0%| F|  |TAMS 0x000000071e000000, 0x000000071e000000| Untracked 
| 321|0x000000071e100000, 0x000000071e100000, 0x000000071e200000|  0%| F|  |TAMS 0x000000071e100000, 0x000000071e100000| Untracked 
| 322|0x000000071e200000, 0x000000071e200000, 0x000000071e300000|  0%| F|  |TAMS 0x000000071e200000, 0x000000071e200000| Untracked 
| 323|0x000000071e300000, 0x000000071e300000, 0x000000071e400000|  0%| F|  |TAMS 0x000000071e300000, 0x000000071e300000| Untracked 
| 324|0x000000071e400000, 0x000000071e400000, 0x000000071e500000|  0%| F|  |TAMS 0x000000071e400000, 0x000000071e400000| Untracked 
| 325|0x000000071e500000, 0x000000071e500000, 0x000000071e600000|  0%| F|  |TAMS 0x000000071e500000, 0x000000071e500000| Untracked 
| 326|0x000000071e600000, 0x000000071e600000, 0x000000071e700000|  0%| F|  |TAMS 0x000000071e600000, 0x000000071e600000| Untracked 
| 327|0x000000071e700000, 0x000000071e700000, 0x000000071e800000|  0%| F|  |TAMS 0x000000071e700000, 0x000000071e700000| Untracked 
| 328|0x000000071e800000, 0x000000071e800000, 0x000000071e900000|  0%| F|  |TAMS 0x000000071e800000, 0x000000071e800000| Untracked 
| 329|0x000000071e900000, 0x000000071e900000, 0x000000071ea00000|  0%| F|  |TAMS 0x000000071e900000, 0x000000071e900000| Untracked 
| 330|0x000000071ea00000, 0x000000071ea00000, 0x000000071eb00000|  0%| F|  |TAMS 0x000000071ea00000, 0x000000071ea00000| Untracked 
| 331|0x000000071eb00000, 0x000000071eb00000, 0x000000071ec00000|  0%| F|  |TAMS 0x000000071eb00000, 0x000000071eb00000| Untracked 
| 332|0x000000071ec00000, 0x000000071ec00000, 0x000000071ed00000|  0%| F|  |TAMS 0x000000071ec00000, 0x000000071ec00000| Untracked 
| 333|0x000000071ed00000, 0x000000071ed00000, 0x000000071ee00000|  0%| F|  |TAMS 0x000000071ed00000, 0x000000071ed00000| Untracked 
| 334|0x000000071ee00000, 0x000000071ee00000, 0x000000071ef00000|  0%| F|  |TAMS 0x000000071ee00000, 0x000000071ee00000| Untracked 
| 335|0x000000071ef00000, 0x000000071ef00000, 0x000000071f000000|  0%| F|  |TAMS 0x000000071ef00000, 0x000000071ef00000| Untracked 
| 336|0x000000071f000000, 0x000000071f000000, 0x000000071f100000|  0%| F|  |TAMS 0x000000071f000000, 0x000000071f000000| Untracked 
| 337|0x000000071f100000, 0x000000071f100000, 0x000000071f200000|  0%| F|  |TAMS 0x000000071f100000, 0x000000071f100000| Untracked 
| 338|0x000000071f200000, 0x000000071f200000, 0x000000071f300000|  0%| F|  |TAMS 0x000000071f200000, 0x000000071f200000| Untracked 
| 339|0x000000071f300000, 0x000000071f300000, 0x000000071f400000|  0%| F|  |TAMS 0x000000071f300000, 0x000000071f300000| Untracked 
| 340|0x000000071f400000, 0x000000071f400000, 0x000000071f500000|  0%| F|  |TAMS 0x000000071f400000, 0x000000071f400000| Untracked 
| 341|0x000000071f500000, 0x000000071f500000, 0x000000071f600000|  0%| F|  |TAMS 0x000000071f500000, 0x000000071f500000| Untracked 
| 342|0x000000071f600000, 0x000000071f600000, 0x000000071f700000|  0%| F|  |TAMS 0x000000071f600000, 0x000000071f600000| Untracked 
| 343|0x000000071f700000, 0x000000071f700000, 0x000000071f800000|  0%| F|  |TAMS 0x000000071f700000, 0x000000071f700000| Untracked 
| 344|0x000000071f800000, 0x000000071f800000, 0x000000071f900000|  0%| F|  |TAMS 0x000000071f800000, 0x000000071f800000| Untracked 
| 345|0x000000071f900000, 0x000000071f900000, 0x000000071fa00000|  0%| F|  |TAMS 0x000000071f900000, 0x000000071f900000| Untracked 
| 346|0x000000071fa00000, 0x000000071fa00000, 0x000000071fb00000|  0%| F|  |TAMS 0x000000071fa00000, 0x000000071fa00000| Untracked 
| 347|0x000000071fb00000, 0x000000071fb82c30, 0x000000071fc00000| 51%| E|  |TAMS 0x000000071fb00000, 0x000000071fb00000| Complete 
| 348|0x000000071fc00000, 0x000000071fd00000, 0x000000071fd00000|100%| E|CS|TAMS 0x000000071fc00000, 0x000000071fc00000| Complete 
| 349|0x000000071fd00000, 0x000000071fe00000, 0x000000071fe00000|100%| E|CS|TAMS 0x000000071fd00000, 0x000000071fd00000| Complete 
| 350|0x000000071fe00000, 0x000000071ff00000, 0x000000071ff00000|100%| E|CS|TAMS 0x000000071fe00000, 0x000000071fe00000| Complete 
| 351|0x000000071ff00000, 0x0000000720000000, 0x0000000720000000|100%| E|CS|TAMS 0x000000071ff00000, 0x000000071ff00000| Complete 
| 352|0x0000000720000000, 0x0000000720100000, 0x0000000720100000|100%| E|CS|TAMS 0x0000000720000000, 0x0000000720000000| Complete 
| 353|0x0000000720100000, 0x0000000720200000, 0x0000000720200000|100%| E|CS|TAMS 0x0000000720100000, 0x0000000720100000| Complete 
| 354|0x0000000720200000, 0x0000000720300000, 0x0000000720300000|100%| E|CS|TAMS 0x0000000720200000, 0x0000000720200000| Complete 
| 355|0x0000000720300000, 0x0000000720400000, 0x0000000720400000|100%| E|CS|TAMS 0x0000000720300000, 0x0000000720300000| Complete 

Card table byte_map: [0x000000001b0c0000,0x000000001b870000] _byte_map_base: 0x0000000017870000

Marking Bits (Prev, Next): (CMBitMap*) 0x00000000033440e8, (CMBitMap*) 0x0000000003344120
 Prev Bits: [0x000000001c020000, 0x000000001fda0000)
 Next Bits: [0x000000001fda0000, 0x0000000023b20000)

Polling page: 0x00000000001a0000

Metaspace:

Usage:
  Non-class:     57.15 MB capacity,    55.34 MB ( 97%) used,     1.43 MB (  3%) free+waste,   386.75 KB ( <1%) overhead. 
      Class:      9.60 MB capacity,     8.27 MB ( 86%) used,     1.15 MB ( 12%) free+waste,   183.94 KB (  2%) overhead. 
       Both:     66.75 MB capacity,    63.61 MB ( 95%) used,     2.58 MB (  4%) free+waste,   570.69 KB ( <1%) overhead. 

Virtual space:
  Non-class space:       58.00 MB reserved,      57.16 MB ( 99%) committed 
      Class space:        1.00 GB reserved,       9.63 MB ( <1%) committed 
             Both:        1.06 GB reserved,      66.78 MB (  6%) committed 

Chunk freelists:
   Non-Class:  640 bytes
       Class:  3.38 KB
        Both:  4.00 KB

CodeHeap 'non-profiled nmethods': size=120064Kb used=8971Kb max_used=8971Kb free=111092Kb
 bounds [0x00000000130a0000, 0x0000000013970000, 0x000000001a5e0000]
CodeHeap 'profiled nmethods': size=120000Kb used=25416Kb max_used=25416Kb free=94583Kb
 bounds [0x000000000bb70000, 0x000000000d450000, 0x00000000130a0000]
CodeHeap 'non-nmethods': size=5696Kb used=1569Kb max_used=1627Kb free=4126Kb
 bounds [0x000000000b5e0000, 0x000000000b850000, 0x000000000bb70000]
 total_blobs=17436 nmethods=11785 adapters=994
 compilation: enabled
              stopped_count=0, restarted_count=0
 full_count=0

Compilation events (10 events):
Event: 30.404 Thread 0x00000000275c9800 12576       3       javafx.scene.shape.Shape::access$000 (5 bytes)
Event: 30.404 Thread 0x00000000275c9800 nmethod 12576 0x000000000d44be90 code [0x000000000d44c060, 0x000000000d44c230]
Event: 30.404 Thread 0x00000000275c9800 12577       3       javafx.scene.shape.Shape::doUpdatePeer (5 bytes)
Event: 30.404 Thread 0x00000000275c9800 nmethod 12577 0x000000000d44c310 code [0x000000000d44c4c0, 0x000000000d44c650]
Event: 30.405 Thread 0x00000000275c9800 12578       3       com.sun.javafx.sg.prism.NGShape::<init> (12 bytes)
Event: 30.405 Thread 0x00000000275c9800 nmethod 12578 0x000000000d44c710 code [0x000000000d44c8e0, 0x000000000d44caf0]
Event: 30.405 Thread 0x00000000275c9800 12579       3       com.sun.scenario.effect.Effect::setInput (62 bytes)
Event: 30.406 Thread 0x00000000275c9800 nmethod 12579 0x000000000d44cb90 code [0x000000000d44cda0, 0x000000000d44d340]
Event: 30.413 Thread 0x00000000275c9800 12580   !   3       java.io.BufferedWriter::flushBuffer (53 bytes)
Event: 30.414 Thread 0x00000000275c9800 nmethod 12580 0x000000000d44d510 code [0x000000000d44d700, 0x000000000d44dd40]

GC Heap History (10 events):
Event: 26.376 GC heap before
{Heap before GC invocations=25 (full 0):
 garbage-first heap   total 364544K, used 181945K [0x000000070a000000, 0x0000000800000000)
  region size 1024K, 17 young (17408K), 8 survivors (8192K)
 Metaspace       used 64215K, capacity 67363K, committed 67872K, reserved 1107968K
  class space    used 8390K, capacity 9681K, committed 9856K, reserved 1048576K
}
Event: 26.388 GC heap after
{Heap after GC invocations=26 (full 0):
 garbage-first heap   total 364544K, used 148962K [0x000000070a000000, 0x0000000800000000)
  region size 1024K, 1 young (1024K), 1 survivors (1024K)
 Metaspace       used 64215K, capacity 67363K, committed 67872K, reserved 1107968K
  class space    used 8390K, capacity 9681K, committed 9856K, reserved 1048576K
}
Event: 26.769 GC heap before
{Heap before GC invocations=26 (full 0):
 garbage-first heap   total 364544K, used 283106K [0x000000070a000000, 0x0000000800000000)
  region size 1024K, 132 young (135168K), 1 survivors (1024K)
 Metaspace       used 64263K, capacity 67431K, committed 67872K, reserved 1107968K
  class space    used 8391K, capacity 9681K, committed 9856K, reserved 1048576K
}
Event: 26.776 GC heap after
{Heap after GC invocations=27 (full 0):
 garbage-first heap   total 364544K, used 151534K [0x000000070a000000, 0x0000000800000000)
  region size 1024K, 4 young (4096K), 4 survivors (4096K)
 Metaspace       used 64263K, capacity 67431K, committed 67872K, reserved 1107968K
  class space    used 8391K, capacity 9681K, committed 9856K, reserved 1048576K
}
Event: 27.075 GC heap before
{Heap before GC invocations=27 (full 0):
 garbage-first heap   total 364544K, used 288750K [0x000000070a000000, 0x0000000800000000)
  region size 1024K, 138 young (141312K), 4 survivors (4096K)
 Metaspace       used 64286K, capacity 67434K, committed 67872K, reserved 1107968K
  class space    used 8391K, capacity 9681K, committed 9856K, reserved 1048576K
}
Event: 27.081 GC heap after
{Heap after GC invocations=28 (full 0):
 garbage-first heap   total 364544K, used 154991K [0x000000070a000000, 0x0000000800000000)
  region size 1024K, 7 young (7168K), 7 survivors (7168K)
 Metaspace       used 64286K, capacity 67434K, committed 67872K, reserved 1107968K
  class space    used 8391K, capacity 9681K, committed 9856K, reserved 1048576K
}
Event: 27.427 GC heap before
{Heap before GC invocations=28 (full 0):
 garbage-first heap   total 364544K, used 293231K [0x000000070a000000, 0x0000000800000000)
  region size 1024K, 142 young (145408K), 7 survivors (7168K)
 Metaspace       used 64311K, capacity 67438K, committed 67872K, reserved 1107968K
  class space    used 8391K, capacity 9681K, committed 9856K, reserved 1048576K
}
Event: 27.437 GC heap after
{Heap after GC invocations=29 (full 0):
 garbage-first heap   total 364544K, used 159398K [0x000000070a000000, 0x0000000800000000)
  region size 1024K, 12 young (12288K), 12 survivors (12288K)
 Metaspace       used 64311K, capacity 67438K, committed 67872K, reserved 1107968K
  class space    used 8391K, capacity 9681K, committed 9856K, reserved 1048576K
}
Event: 30.311 GC heap before
{Heap before GC invocations=29 (full 0):
 garbage-first heap   total 364544K, used 296614K [0x000000070a000000, 0x0000000800000000)
  region size 1024K, 147 young (150528K), 12 survivors (12288K)
 Metaspace       used 65078K, capacity 68233K, committed 68384K, reserved 1107968K
  class space    used 8459K, capacity 9789K, committed 9856K, reserved 1048576K
}
Event: 30.327 GC heap after
{Heap after GC invocations=30 (full 0):
 garbage-first heap   total 364544K, used 163504K [0x000000070a000000, 0x0000000800000000)
  region size 1024K, 14 young (14336K), 14 survivors (14336K)
 Metaspace       used 65078K, capacity 68233K, committed 68384K, reserved 1107968K
  class space    used 8459K, capacity 9789K, committed 9856K, reserved 1048576K
}

Deoptimization events (10 events):
Event: 30.248 Thread 0x00000000292b4800 Uncommon trap: reason=unstable_if action=reinterpret pc=0x000000001389be84 method=bluej.editor.moe.BlueJSyntaxView.nodeSkipsEnd(IILbluej/editor/moe/MoeSyntaxDocument$Element;Ljavax/swing/text/Segment;)Z @ 33 c2
Event: 30.329 Thread 0x00000000276d8800 Uncommon trap: reason=speculate_class_check action=maybe_recompile pc=0x00000000133752a8 method=jdk.internal.ref.PhantomCleanable.clean()V @ 12 c2
Event: 30.336 Thread 0x00000000276d8800 Uncommon trap: reason=speculate_class_check action=maybe_recompile pc=0x00000000133752a8 method=jdk.internal.ref.PhantomCleanable.clean()V @ 12 c2
Event: 30.378 Thread 0x00000000292b4800 Uncommon trap: reason=profile_predicate action=maybe_recompile pc=0x00000000131d3bcc method=com.sun.javafx.binding.ExpressionHelperBase.trim(I[Ljava/lang/Object;)I @ 47 c2
Event: 30.378 Thread 0x00000000292b4800 Uncommon trap: reason=profile_predicate action=maybe_recompile pc=0x00000000131d3bcc method=com.sun.javafx.binding.ExpressionHelperBase.trim(I[Ljava/lang/Object;)I @ 47 c2
Event: 30.390 Thread 0x00000000292b4800 Uncommon trap: reason=unstable_if action=reinterpret pc=0x0000000013624f68 method=bluej.PropParser.parsePropString(Ljava/lang/String;Ljava/lang/StringBuffer;Ljava/util/Properties;I)V @ 42 c2
Event: 30.401 Thread 0x00000000292b4800 Uncommon trap: reason=unstable_if action=reinterpret pc=0x00000000137d0cc4 method=com.sun.javafx.text.TextRun.getWidth()F @ 19 c2
Event: 30.401 Thread 0x00000000292b4800 Uncommon trap: reason=unstable_if action=reinterpret pc=0x000000001384365c method=com.sun.javafx.text.TextRun.getWidth()F @ 19 c2
Event: 30.410 Thread 0x0000000038e6a000 Uncommon trap: reason=class_check action=maybe_recompile pc=0x000000001368cd34 method=java.lang.invoke.LambdaForm$MH/0x00000008000ab840.invoke(Ljava/lang/Object;Ljava/lang/Object;Ljava/lang/Object;)Ljava/lang/Object; @ 28 c2
Event: 30.411 Thread 0x00000000291cc800 Uncommon trap: reason=unstable_if action=reinterpret pc=0x0000000013949cd4 method=com.sun.javafx.font.directwrite.DWFontStrike.getQuantizedPosition(Lcom/sun/javafx/geom/Point2D;)I @ 23 c2

Classes redefined (0 events):
No events

Internal exceptions (10 events):
Event: 28.159 Thread 0x00000000292b4800 Implicit null exception at 0x00000000136b4017 to 0x00000000136b4102
Event: 28.393 Thread 0x0000000038e6a000 Exception <a 'sun/nio/fs/WindowsException'{0x0000000718f17ff0}> (0x0000000718f17ff0) thrown at [t:/workspace/open/src/hotspot/share/prims/jni.cpp, line 615]
Event: 28.393 Thread 0x0000000038e6a000 Exception <a 'sun/nio/fs/WindowsException'{0x0000000718f18340}> (0x0000000718f18340) thrown at [t:/workspace/open/src/hotspot/share/prims/jni.cpp, line 615]
Event: 28.393 Thread 0x0000000038e6a000 Exception <a 'sun/nio/fs/WindowsException'{0x0000000718f18e38}> (0x0000000718f18e38) thrown at [t:/workspace/open/src/hotspot/share/prims/jni.cpp, line 615]
Event: 28.393 Thread 0x0000000038e6a000 Exception <a 'sun/nio/fs/WindowsException'{0x0000000718f19188}> (0x0000000718f19188) thrown at [t:/workspace/open/src/hotspot/share/prims/jni.cpp, line 615]
Event: 30.220 Thread 0x00000000292b4800 Exception <a 'java/lang/NoSuchMethodError'{0x00000007189e6398}: java.lang.invoke.DirectMethodHandle$Holder.invokeStatic(Ljava/lang/Object;Ljava/lang/Object;Ljava/lang/Object;ILjava/lang/Object;Ljava/lang/Object;)V> (0x00000007189e6398) thrown at [t:/works
Event: 30.224 Thread 0x00000000292b4800 Implicit null exception at 0x00000000138a7c46 to 0x00000000138a7f7e
Event: 30.401 Thread 0x00000000292b4800 Implicit null exception at 0x00000000137d0c10 to 0x00000000137d0cb2
Event: 30.401 Thread 0x00000000292b4800 Implicit null exception at 0x00000000138431a7 to 0x000000001384360e
Event: 30.443 Thread 0x0000000038e68000 Exception <a 'java/lang/IllegalStateException'{0x000000071fb05a08}> (0x000000071fb05a08) thrown at [t:/workspace/open/src/hotspot/share/prims/jvm.cpp, line 1311]

Events (10 events):
Event: 30.446 Executing VM operation: RevokeBias done
Event: 30.446 Executing VM operation: RevokeBias
Event: 30.446 Executing VM operation: RevokeBias done
Event: 30.447 Executing VM operation: RevokeBias
Event: 30.447 Executing VM operation: RevokeBias done
Event: 30.448 Executing VM operation: RevokeBias
Event: 30.448 Executing VM operation: RevokeBias done
Event: 30.448 Executing VM operation: RevokeBias
Event: 30.448 Executing VM operation: RevokeBias done
Event: 30.450 Thread 0x0000000038e6a800 Thread exited: 0x0000000038e6a800


Dynamic libraries:
0x0000000000400000 - 0x00000000004d5000 	C:\Program Files\Greenfoot\Greenfoot.exe
0x00007ff9a5be0000 - 0x00007ff9a5dd0000 	C:\Windows\SYSTEM32\ntdll.dll
0x00007ff9a52f0000 - 0x00007ff9a53a2000 	C:\Windows\System32\KERNEL32.DLL
0x00007ff9a2f10000 - 0x00007ff9a31b5000 	C:\Windows\System32\KERNELBASE.dll
0x00007ff9a3d10000 - 0x00007ff9a3dae000 	C:\Windows\System32\msvcrt.dll
0x00007ff9a3e50000 - 0x00007ff9a4537000 	C:\Windows\System32\SHELL32.dll
0x00007ff9a2ca0000 - 0x00007ff9a2d9a000 	C:\Windows\System32\ucrtbase.dll
0x00007ff9a31c0000 - 0x00007ff9a320a000 	C:\Windows\System32\cfgmgr32.dll
0x00007ff9a4540000 - 0x00007ff9a45e9000 	C:\Windows\System32\shcore.dll
0x00007ff9a5860000 - 0x00007ff9a5980000 	C:\Windows\System32\RPCRT4.dll
0x00007ff9a4ad0000 - 0x00007ff9a4e06000 	C:\Windows\System32\combase.dll
0x00007ff9a3c00000 - 0x00007ff9a3c81000 	C:\Windows\System32\bcryptPrimitives.dll
0x00007ff9a3440000 - 0x00007ff9a3bc1000 	C:\Windows\System32\windows.storage.dll
0x00007ff9a2da0000 - 0x00007ff9a2e3e000 	C:\Windows\System32\msvcp_win.dll
0x00007ff9a5980000 - 0x00007ff9a5a17000 	C:\Windows\System32\sechost.dll
0x00007ff9a5af0000 - 0x00007ff9a5b93000 	C:\Windows\System32\advapi32.dll
0x00007ff9a2b20000 - 0x00007ff9a2b43000 	C:\Windows\System32\profapi.dll
0x00007ff9a2ad0000 - 0x00007ff9a2b1a000 	C:\Windows\System32\powrprof.dll
0x00007ff9a2a80000 - 0x00007ff9a2a90000 	C:\Windows\System32\UMPDC.dll
0x00007ff9a53c0000 - 0x00007ff9a5412000 	C:\Windows\System32\shlwapi.dll
0x00007ff9a4f40000 - 0x00007ff9a4f66000 	C:\Windows\System32\GDI32.dll
0x00007ff9a3bd0000 - 0x00007ff9a3bf1000 	C:\Windows\System32\win32u.dll
0x00007ff9a3240000 - 0x00007ff9a33d6000 	C:\Windows\System32\gdi32full.dll
0x00007ff9a5120000 - 0x00007ff9a52b4000 	C:\Windows\System32\USER32.dll
0x00007ff9a2ab0000 - 0x00007ff9a2ac1000 	C:\Windows\System32\kernel.appcore.dll
0x00007ff9a2e40000 - 0x00007ff9a2e57000 	C:\Windows\System32\cryptsp.dll
0x00007ff996fe0000 - 0x00007ff996fea000 	C:\Windows\SYSTEM32\VERSION.dll
0x00007ff9a52c0000 - 0x00007ff9a52ee000 	C:\Windows\System32\IMM32.DLL
0x00007ff94def0000 - 0x00007ff94ea13000 	C:\Program Files\Greenfoot\jdk\bin\server\jvm.dll
0x00007ff9a4f30000 - 0x00007ff9a4f38000 	C:\Windows\System32\PSAPI.DLL
0x00007ff98d4e0000 - 0x00007ff98d4e9000 	C:\Windows\SYSTEM32\WSOCK32.dll
0x00007ff9a5420000 - 0x00007ff9a548f000 	C:\Windows\System32\WS2_32.dll
0x00007ff999080000 - 0x00007ff9990a4000 	C:\Windows\SYSTEM32\WINMM.dll
0x00007ff998e80000 - 0x00007ff998e96000 	C:\Program Files\Greenfoot\jdk\bin\VCRUNTIME140.dll
0x00007ff998e40000 - 0x00007ff998e6d000 	C:\Windows\SYSTEM32\WINMMBASE.dll
0x00007ff981b80000 - 0x00007ff981b91000 	C:\Program Files\Greenfoot\jdk\bin\verify.dll
0x00007ff9a1330000 - 0x00007ff9a1524000 	C:\Windows\SYSTEM32\DBGHELP.DLL
0x00007ff99b1d0000 - 0x00007ff99b1fa000 	C:\Windows\SYSTEM32\dbgcore.DLL
0x00007ff97d180000 - 0x00007ff97d1a8000 	C:\Program Files\Greenfoot\jdk\bin\java.dll
0x00007ff978690000 - 0x00007ff9786a6000 	C:\Program Files\Greenfoot\jdk\bin\zip.dll
0x00007ff99ca30000 - 0x00007ff99ca3a000 	C:\Program Files\Greenfoot\jdk\bin\jimage.dll
0x00007ff977500000 - 0x00007ff977519000 	C:\Program Files\Greenfoot\jdk\bin\net.dll
0x00007ff997360000 - 0x00007ff997536000 	C:\Windows\SYSTEM32\urlmon.dll
0x00007ff99a070000 - 0x00007ff99a160000 	C:\Windows\SYSTEM32\WINHTTP.dll
0x00007ff9970b0000 - 0x00007ff997357000 	C:\Windows\SYSTEM32\iertutil.dll
0x00007ff9a24a0000 - 0x00007ff9a24ac000 	C:\Windows\SYSTEM32\CRYPTBASE.DLL
0x00007ff9a22d0000 - 0x00007ff9a2337000 	C:\Windows\system32\mswsock.dll
0x00007ff978440000 - 0x00007ff978453000 	C:\Program Files\Greenfoot\jdk\bin\nio.dll
0x0000000180000000 - 0x0000000180003000 	C:\Program Files\Greenfoot\lib\javafx\bin\api-ms-win-core-console-l1-1-0.dll
0x0000000000710000 - 0x0000000000713000 	C:\Program Files\Greenfoot\lib\javafx\bin\api-ms-win-core-datetime-l1-1-0.dll
0x0000000000720000 - 0x0000000000723000 	C:\Program Files\Greenfoot\lib\javafx\bin\api-ms-win-core-debug-l1-1-0.dll
0x0000000000730000 - 0x0000000000733000 	C:\Program Files\Greenfoot\lib\javafx\bin\api-ms-win-core-errorhandling-l1-1-0.dll
0x0000000000740000 - 0x0000000000744000 	C:\Program Files\Greenfoot\lib\javafx\bin\api-ms-win-core-file-l1-1-0.dll
0x0000000000750000 - 0x0000000000753000 	C:\Program Files\Greenfoot\lib\javafx\bin\api-ms-win-core-file-l1-2-0.dll
0x0000000000760000 - 0x0000000000763000 	C:\Program Files\Greenfoot\lib\javafx\bin\api-ms-win-core-file-l2-1-0.dll
0x0000000000770000 - 0x0000000000773000 	C:\Program Files\Greenfoot\lib\javafx\bin\api-ms-win-core-handle-l1-1-0.dll
0x0000000000780000 - 0x0000000000783000 	C:\Program Files\Greenfoot\lib\javafx\bin\api-ms-win-core-heap-l1-1-0.dll
0x0000000000790000 - 0x0000000000793000 	C:\Program Files\Greenfoot\lib\javafx\bin\api-ms-win-core-interlocked-l1-1-0.dll
0x00000000007a0000 - 0x00000000007a3000 	C:\Program Files\Greenfoot\lib\javafx\bin\api-ms-win-core-libraryloader-l1-1-0.dll
0x00000000007b0000 - 0x00000000007b3000 	C:\Program Files\Greenfoot\lib\javafx\bin\api-ms-win-core-localization-l1-2-0.dll
0x00000000031c0000 - 0x00000000031c3000 	C:\Program Files\Greenfoot\lib\javafx\bin\api-ms-win-core-memory-l1-1-0.dll
0x00000000031d0000 - 0x00000000031d3000 	C:\Program Files\Greenfoot\lib\javafx\bin\api-ms-win-core-namedpipe-l1-1-0.dll
0x00000000031e0000 - 0x00000000031e3000 	C:\Program Files\Greenfoot\lib\javafx\bin\api-ms-win-core-processenvironment-l1-1-0.dll
0x00000000031f0000 - 0x00000000031f3000 	C:\Program Files\Greenfoot\lib\javafx\bin\api-ms-win-core-processthreads-l1-1-0.dll
0x0000000003200000 - 0x0000000003203000 	C:\Program Files\Greenfoot\lib\javafx\bin\api-ms-win-core-processthreads-l1-1-1.dll
0x0000000003210000 - 0x0000000003213000 	C:\Program Files\Greenfoot\lib\javafx\bin\api-ms-win-core-profile-l1-1-0.dll
0x0000000003220000 - 0x0000000003223000 	C:\Program Files\Greenfoot\lib\javafx\bin\api-ms-win-core-rtlsupport-l1-1-0.dll
0x0000000003230000 - 0x0000000003233000 	C:\Program Files\Greenfoot\lib\javafx\bin\api-ms-win-core-string-l1-1-0.dll
0x0000000003240000 - 0x0000000003243000 	C:\Program Files\Greenfoot\lib\javafx\bin\api-ms-win-core-synch-l1-1-0.dll
0x0000000003250000 - 0x0000000003253000 	C:\Program Files\Greenfoot\lib\javafx\bin\api-ms-win-core-synch-l1-2-0.dll
0x0000000003260000 - 0x0000000003263000 	C:\Program Files\Greenfoot\lib\javafx\bin\api-ms-win-core-sysinfo-l1-1-0.dll
0x0000000003270000 - 0x0000000003273000 	C:\Program Files\Greenfoot\lib\javafx\bin\api-ms-win-core-timezone-l1-1-0.dll
0x0000000003280000 - 0x0000000003283000 	C:\Program Files\Greenfoot\lib\javafx\bin\api-ms-win-core-util-l1-1-0.dll
0x0000000003290000 - 0x0000000003293000 	C:\Program Files\Greenfoot\lib\javafx\bin\api-ms-win-crt-conio-l1-1-0.dll
0x0000000029990000 - 0x0000000029994000 	C:\Program Files\Greenfoot\lib\javafx\bin\api-ms-win-crt-convert-l1-1-0.dll
0x00000000299a0000 - 0x00000000299a3000 	C:\Program Files\Greenfoot\lib\javafx\bin\api-ms-win-crt-environment-l1-1-0.dll
0x00000000299b0000 - 0x00000000299b3000 	C:\Program Files\Greenfoot\lib\javafx\bin\api-ms-win-crt-filesystem-l1-1-0.dll
0x00000000299c0000 - 0x00000000299c3000 	C:\Program Files\Greenfoot\lib\javafx\bin\api-ms-win-crt-heap-l1-1-0.dll
0x00000000299d0000 - 0x00000000299d3000 	C:\Program Files\Greenfoot\lib\javafx\bin\api-ms-win-crt-locale-l1-1-0.dll
0x00000000299e0000 - 0x00000000299e5000 	C:\Program Files\Greenfoot\lib\javafx\bin\api-ms-win-crt-math-l1-1-0.dll
0x00000000299f0000 - 0x00000000299f5000 	C:\Program Files\Greenfoot\lib\javafx\bin\api-ms-win-crt-multibyte-l1-1-0.dll
0x0000000029a00000 - 0x0000000029a10000 	C:\Program Files\Greenfoot\lib\javafx\bin\api-ms-win-crt-private-l1-1-0.dll
0x0000000029a10000 - 0x0000000029a13000 	C:\Program Files\Greenfoot\lib\javafx\bin\api-ms-win-crt-process-l1-1-0.dll
0x0000000029a20000 - 0x0000000029a24000 	C:\Program Files\Greenfoot\lib\javafx\bin\api-ms-win-crt-runtime-l1-1-0.dll
0x0000000029a30000 - 0x0000000029a34000 	C:\Program Files\Greenfoot\lib\javafx\bin\api-ms-win-crt-stdio-l1-1-0.dll
0x0000000029a40000 - 0x0000000029a44000 	C:\Program Files\Greenfoot\lib\javafx\bin\api-ms-win-crt-string-l1-1-0.dll
0x0000000029a50000 - 0x0000000029a53000 	C:\Program Files\Greenfoot\lib\javafx\bin\api-ms-win-crt-time-l1-1-0.dll
0x0000000029a60000 - 0x0000000029a63000 	C:\Program Files\Greenfoot\lib\javafx\bin\api-ms-win-crt-utility-l1-1-0.dll
0x00007ff968ba0000 - 0x00007ff968c9a000 	C:\Program Files\Greenfoot\lib\javafx\bin\ucrtbase.dll
0x00007ff972700000 - 0x00007ff972716000 	C:\Program Files\Greenfoot\lib\javafx\bin\vcruntime140.dll
0x00007ff969010000 - 0x00007ff9690b6000 	C:\Program Files\Greenfoot\lib\javafx\bin\msvcp140.dll
0x00007ff968420000 - 0x00007ff968471000 	C:\Program Files\Greenfoot\lib\javafx\bin\concrt140.dll
0x00007ff96f080000 - 0x00007ff96f0a3000 	C:\Program Files\Greenfoot\lib\javafx\bin\prism_d3d.dll
0x00007ff97d1d0000 - 0x00007ff97d397000 	C:\Windows\system32\d3d9.dll
0x00007ff9a0db0000 - 0x00007ff9a0ddd000 	C:\Windows\SYSTEM32\dwmapi.dll
0x00007ff9a16c0000 - 0x00007ff9a16e0000 	C:\Windows\SYSTEM32\dxcore.dll
0x00007ff9a0970000 - 0x00007ff9a0a09000 	C:\Windows\system32\uxtheme.dll
0x00007ff985f70000 - 0x00007ff98614b000 	C:\Windows\System32\DriverStore\FileRepository\u0355859.inf_amd64_d021222193aa4c89\B355563\aticfx64.dll
0x00007ff96e8e0000 - 0x00007ff96e913000 	C:\Windows\System32\DriverStore\FileRepository\u0355859.inf_amd64_d021222193aa4c89\B355563\atiu9p64.dll
0x00007ff947170000 - 0x00007ff947e06000 	C:\Windows\System32\DriverStore\FileRepository\u0355859.inf_amd64_d021222193aa4c89\B355563\atiumd64.dll
0x00007ff9a5490000 - 0x00007ff9a55e7000 	C:\Windows\System32\ole32.dll
0x0000000051b70000 - 0x00000000529ed000 	C:\Windows\System32\DriverStore\FileRepository\u0355859.inf_amd64_d021222193aa4c89\B355563\atiumd6a.dll
0x00007ff984600000 - 0x00007ff98462f000 	C:\Windows\SYSTEM32\amdihk64.dll
0x00007ff96b0c0000 - 0x00007ff96b105000 	C:\Program Files\Greenfoot\lib\javafx\bin\glass.dll
0x00007ff9a5a20000 - 0x00007ff9a5af0000 	C:\Windows\System32\COMDLG32.dll
0x00007ff9a55f0000 - 0x00007ff9a56b5000 	C:\Windows\System32\OLEAUT32.dll
0x00007ff99ab00000 - 0x00007ff99aba9000 	C:\Windows\WinSxS\amd64_microsoft.windows.common-controls_6595b64144ccf1df_5.82.18362.1256_none_73b4ccbed8148ea3\COMCTL32.dll
0x00007ff9a56c0000 - 0x00007ff9a57f5000 	C:\Windows\System32\MSCTF.dll
0x00007ff967060000 - 0x00007ff9671fe000 	C:\Program Files\Greenfoot\jdk\bin\awt.dll
0x00007ff99f230000 - 0x00007ff99f7f0000 	C:\Windows\SYSTEM32\d2d1.dll
0x00007ff9a0650000 - 0x00007ff9a06df000 	C:\Windows\SYSTEM32\apphelp.dll
0x00007ff9719e0000 - 0x00007ff9719f4000 	C:\Program Files\Greenfoot\lib\javafx\bin\javafx_font.dll
0x00007ff984300000 - 0x00007ff9845fe000 	C:\Windows\SYSTEM32\dwrite.dll
0x00007ff9a4e80000 - 0x00007ff9a4f22000 	C:\Windows\System32\clbcatq.dll
0x00007ff993700000 - 0x00007ff993984000 	C:\Windows\WinSxS\amd64_microsoft.windows.common-controls_6595b64144ccf1df_6.0.18362.1256_none_9e7e379be45e40e2\comctl32.dll
0x00007ff987330000 - 0x00007ff9874df000 	C:\Windows\SYSTEM32\WindowsCodecs.dll
0x00007ff979660000 - 0x00007ff97969a000 	C:\Windows\system32\dataexchange.dll
0x00007ff99feb0000 - 0x00007ff9a008d000 	C:\Windows\system32\dcomp.dll
0x00007ff99f7f0000 - 0x00007ff99fa4b000 	C:\Windows\system32\d3d11.dll
0x00007ff9a1750000 - 0x00007ff9a183b000 	C:\Windows\system32\dxgi.dll
0x00007ff9a0a50000 - 0x00007ff9a0cb2000 	C:\Windows\system32\twinapi.appcore.dll
0x00007ff9a0f70000 - 0x00007ff9a0f99000 	C:\Windows\system32\RMCLIENT.dll
0x00007ff9691b0000 - 0x00007ff9691e3000 	C:\Program Files\Common Files\Microsoft Shared\Ink\rtscom.dll
0x00007ff988dd0000 - 0x00007ff988e6e000 	C:\Windows\System32\TextInputFramework.dll
0x00007ff988950000 - 0x00007ff988c7a000 	C:\Windows\System32\CoreUIComponents.dll
0x00007ff9a00a0000 - 0x00007ff9a0174000 	C:\Windows\System32\CoreMessaging.dll
0x00007ff9a1ac0000 - 0x00007ff9a1af1000 	C:\Windows\SYSTEM32\ntmarta.dll
0x00007ff99e700000 - 0x00007ff99e853000 	C:\Windows\SYSTEM32\wintypes.dll

dbghelp: loaded successfully - version: 4.0.5 - missing functions: none
symbol engine: initialized successfully - sym options: 0x614 - pdb path: .;C:\Program Files\Greenfoot;C:\Windows\SYSTEM32;C:\Program Files\Greenfoot\jdk\bin\server;C:\Program Files\Greenfoot\jdk\bin;C:\Program Files\Greenfoot\lib\javafx\bin;C:\Windows\System32\DriverStore\FileRepository\u0355859.inf_amd64_d021222193aa4c89\B355563;C:\Windows\WinSxS\amd64_microsoft.windows.common-controls_6595b64144ccf1df_5.82.18362.1256_none_73b4ccbed8148ea3;C:\Windows\WinSxS\amd64_microsoft.windows.common-controls_6595b64144ccf1df_6.0.18362.1256_none_9e7e379be45e40e2;C:\Program Files\Common Files\Microsoft Shared\Ink

VM Arguments:
jvm_args: -Djavafx.embed.singleThread=true 
java_command: <unknown>
java_class_path (initial): C:\Program Files\Greenfoot\lib\bluej.jar;C:\Program Files\Greenfoot\lib\javafx\lib\javafx.base.jar;C:\Program Files\Greenfoot\lib\javafx\lib\javafx.controls.jar;C:\Program Files\Greenfoot\lib\javafx\lib\javafx.fxml.jar;C:\Program Files\Greenfoot\lib\javafx\lib\javafx.graphics.jar;C:\Program Files\Greenfoot\lib\javafx\lib\javafx.media.jar;C:\Program Files\Greenfoot\lib\javafx\lib\javafx.properties.jar;C:\Program Files\Greenfoot\lib\javafx\lib\javafx.swing.jar;C:\Program Files\Greenfoot\lib\javafx\lib\javafx.web.jar
Launcher Type: generic

[Global flags]
     intx CICompilerCount                          = 3                                         {product} {ergonomic}
     uint ConcGCThreads                            = 2                                         {product} {ergonomic}
     uint G1ConcRefinementThreads                  = 6                                         {product} {ergonomic}
   size_t G1HeapRegionSize                         = 1048576                                   {product} {ergonomic}
    uintx GCDrainStackTargetSize                   = 64                                        {product} {ergonomic}
   size_t InitialHeapSize                          = 257949696                                 {product} {ergonomic}
   size_t MarkStackSize                            = 4194304                                   {product} {ergonomic}
   size_t MaxHeapSize                              = 4127195136                                {product} {ergonomic}
   size_t MaxNewSize                               = 2475687936                                {product} {ergonomic}
   size_t MinHeapDeltaBytes                        = 1048576                                   {product} {ergonomic}
    uintx NonNMethodCodeHeapSize                   = 5830092                                {pd product} {ergonomic}
    uintx NonProfiledCodeHeapSize                  = 122914074                              {pd product} {ergonomic}
    uintx ProfiledCodeHeapSize                     = 122914074                              {pd product} {ergonomic}
    uintx ReservedCodeCacheSize                    = 251658240                              {pd product} {ergonomic}
     bool SegmentedCodeCache                       = true                                      {product} {ergonomic}
     bool UseCompressedClassPointers               = true                                 {lp64_product} {ergonomic}
     bool UseCompressedOops                        = true                                 {lp64_product} {ergonomic}
     bool UseG1GC                                  = true                                      {product} {ergonomic}
     bool UseLargePagesIndividualAllocation        = false                                  {pd product} {ergonomic}

Logging:
Log output configuration:
 #0: stdout all=warning uptime,level,tags
 #1: stderr all=off uptime,level,tags

Environment Variables:
PATH=C:\Program Files (x86)\Common Files\Oracle\Java\javapath;C:\ProgramData\Oracle\Java\javapath;C:\Windows\system32;C:\Windows;C:\Windows\System32\Wbem;C:\Windows\System32\WindowsPowerShell\v1.0\;C:\Windows\System32\OpenSSH\;C:\Program Files\Git\cmd;C:\Users\chilc\AppData\Local\Microsoft\WindowsApps;C:\Program Files\Sublime Text 3
USERNAME=chilc
OS=Windows_NT
PROCESSOR_IDENTIFIER=AMD64 Family 23 Model 96 Stepping 1, AuthenticAMD



---------------  S Y S T E M  ---------------

OS: Windows 10 , 64 bit Build 18362 (10.0.18362.1110)

CPU:total 6 (initial active 6) (6 cores per cpu, 1 threads per core) family 23 model 96 stepping 1, cmov, cx8, fxsr, mmx, sse, sse2, sse3, ssse3, sse4.1, sse4.2, popcnt, avx, avx2, aes, clmul, mmxext, 3dnowpref, lzcnt, sse4a, tsc, tscinvbit, tscinv, bmi1, bmi2, adx, sha, fma

Memory: 4k page, system-wide physical 15739M (8442M free)
TotalPageFile size 23163M (AvailPageFile size 11391M)
current process WorkingSet (physical memory assigned to process): 657M, peak: 668M
current process commit charge ("private bytes"): 752M, peak: 764M

vm_info: OpenJDK 64-Bit Server VM (11.0.2+9) for windows-amd64 JRE (11.0.2+9), built on Jan 18 2019 05:23:22 by "mach5one" with MS VC++ 15.5 (VS2017)

END.
